
     Program QE v.5.4.0 (svn rev. 12544M) starts on 27Jun2016 at 14:24:17 

     This program is part of the open-source Quantum ESPRESSO suite
     for quantum simulation of materials; please cite
         "P. Giannozzi et al., J. Phys.:Condens. Matter 21 395502 (2009);
          URL http://www.quantum-espresso.org", 
     in publications or presentations arising from this work. More details at
     http://www.quantum-espresso.org/quote
 
           HOST :    @host@
           ARCH :    x86_64
             CC :    icc
            CPP :    cpp
            F90 :    mpif90
            F77 :    ifort
         DFLAGS :    -D__INTEL -D__DFTI -D__MPI -D__PARA -D__SCALAPACK
      BLAS LIBS :    -L/opt/intel/xe2016/mkl/lib/intel64 -lmkl_intel_lp64  -lmkl_sequential -lmkl_core
    LAPACK LIBS :    
       FFT LIBS :    
      MASS LIBS :    

     Parallel version (MPI), running on     4 processors
     R & G space division:  proc/nbgrp/npool/nimage =       4
 
     ***** This is GIPAW svn revision 413          *****
 
     Parallelizing q-star over 1 images

     Reading data from directory:
     /tmp/ceresoli/benzene.save

   Info: using nr1, nr2, nr3 values from input

   Info: using nr1, nr2, nr3 values from input

     IMPORTANT: XC functional enforced from input :
     Exchange-correlation      =  SLA  PW   PBX  PBC ( 1  4  3  4 0 0)
     Any further DFT definition will be discarded
     Please, verify this is what you really want

 
     Parallelization info
     --------------------
     sticks:   dense  smooth     PW     G-vecs:    dense   smooth      PW
     Min        3940    1575    392               236599    59863    7470
     Max        3941    1576    393               236600    59878    7471
     Sum       15763    6301   1571               946397   239481   29883
 

     negative rho (up, down):  1.026E-04 0.000E+00

     Subspace diagonalization in iterative solution of the eigenvalue problem:
     a serial algorithm will be used

     GIPAW projectors -----------------------------------------------
     atom=  C    l=0  rc=    1.4000  rs=    0.9333
     atom=  C    l=0  rc=    1.4000  rs=    0.9333
     atom=  C    l=1  rc=    1.4000  rs=    0.9333
     atom=  C    l=1  rc=    1.4000  rs=    0.9333
     projs nearly linearly dependent: l=0  n1,n2= 1, 2  s=  0.99622328
     projs nearly linearly dependent: l=1  n1,n2= 1, 2  s=  0.99789339
 
     atom=  H    l=0  rc=    0.8000  rs=    0.5333
     atom=  H    l=0  rc=    0.8000  rs=    0.5333
     projs nearly linearly dependent: l=0  n1,n2= 1, 2  s=  0.99987400
     -----------------------------------------------------------------
 
     alpha_pv=     29.8212 eV
 
     GIPAW job: nmr                                                                             
     NMR macroscopic correction: no
 
     Largest allocated arrays     est. size (Mb)     dimensions
        KS wavefunctions at k           1.71 Mb     (    7471,   15)
        KS wavefunctions at k+q         1.71 Mb     (    7471,   15)
        First-order wavefunctions      17.10 Mb     (    7471,   15, 10)
        First-order wavefunct (US)     10.26 Mb     (    7471,   15,  6)
        Charge/spin density             0.99 Mb     (  129600,    1)
        Induced current                 8.90 Mb     (  129600,    3,3,1)
        Induced magnetic field          8.90 Mb     (  129600,    3,3,1)
        NL pseudopotentials             6.84 Mb     (    7471,   60)
        GIPAW NL terms                  6.84 Mb     (    7471,   60)
 
     Computing the magnetic susceptibility     isolve=0    ethr=  0.1000E-13
     k-point #    1 of     1      pool #  1    cpu time:       3.8
     End of magnetic susceptibility calculation
 
     f-sum rule (1st term):
           -29.8557          0.0000          0.0000
             0.0000        -29.8547          0.0000
             0.0000          0.0000        -29.9120

     f-sum rule (2nd term):
            -0.3248          0.0000          0.0000
             0.0000         -0.3248          0.0000
             0.0000          0.0000         -0.3054

     f-sum rule (should be   -30.2084):
           -30.1804          0.0000          0.0000
             0.0000        -30.1794          0.0000
             0.0000          0.0000        -30.2174

     chi_bare pGv (HH) in paratec units:
        -9.241107     -0.004390      0.000191
        -0.004250     -9.227138      0.004736
        -0.000871      0.002721    -19.824480

        -9.241107      0.000000      0.000000
         0.000000     -9.227138      0.000000
         0.000000      0.000000    -19.824480

     chi_bare vGv (VV) in paratec units:
        -7.661663     -0.004358     -0.000389
        -0.004275     -7.644553      0.002385
        -0.000581      0.001692    -20.616278

        -7.661663      0.000000      0.000000
         0.000000     -7.644553      0.000000
         0.000000      0.000000    -20.616278

     chi_bare pGv (HH) in 10^{-6} cm^3/mol:
           -43.9146          0.0000          0.0000
             0.0000        -43.8482          0.0000
             0.0000          0.0000        -94.2078

     chi_bare vGv (VV) in 10^{-6} cm^3/mol:
           -36.4089          0.0000          0.0000
             0.0000        -36.3276          0.0000
             0.0000          0.0000        -97.9705

     Contributions to the NMR chemical shifts: -------------------------------
 
     Macroscopic shape contribution in ppm:                    0.00
             0.0000          0.0000          0.0000
             0.0000          0.0000          0.0000
             0.0000          0.0000          0.0000

 
     Core contribution in ppm:
 
     Atom  1  C   pos: (  0.000000  0.107679  0.000000)  core sigma:         200.51
     Atom  2  C   pos: (  0.093253  0.053840  0.000000)  core sigma:         200.51
     Atom  3  C   pos: (  0.093253 -0.053840  0.000000)  core sigma:         200.51
     Atom  4  C   pos: (  0.000000 -0.107679  0.000000)  core sigma:         200.51
     Atom  5  C   pos: ( -0.093253 -0.053840  0.000000)  core sigma:         200.51
     Atom  6  C   pos: ( -0.093253  0.053840  0.000000)  core sigma:         200.51
     Atom  7  H   pos: (  0.000000  0.191523  0.000000)  core sigma:           0.00
     Atom  8  H   pos: (  0.165864  0.095761  0.000000)  core sigma:           0.00
     Atom  9  H   pos: (  0.165864 -0.095761  0.000000)  core sigma:           0.00
     Atom 10  H   pos: (  0.000000 -0.191523  0.000000)  core sigma:           0.00
     Atom 11  H   pos: ( -0.165864 -0.095761  0.000000)  core sigma:           0.00
     Atom 12  H   pos: ( -0.165864  0.095761  0.000000)  core sigma:           0.00
 
     Bare contribution in ppm:
 
     Atom  1  C   pos: (  0.000000  0.107679  0.000000)  bare sigma:         -49.33
           -58.1098         -0.0000          0.0000
             0.0000       -107.4363          0.0000
            -0.0000         -0.0000         17.5458

     Atom  2  C   pos: (  0.093253  0.053840  0.000000)  bare sigma:         -49.34
           -95.1682        -21.3887          0.0000
           -21.3914        -70.4430         -0.0000
             0.0000          0.0000         17.5835

     Atom  3  C   pos: (  0.093253 -0.053840  0.000000)  bare sigma:         -49.34
           -95.1682         21.3887          0.0000
            21.3914        -70.4430          0.0000
             0.0000          0.0000         17.5835

     Atom  4  C   pos: (  0.000000 -0.107679  0.000000)  bare sigma:         -49.33
           -58.1098          0.0000          0.0000
             0.0000       -107.4363          0.0000
             0.0000          0.0000         17.5458

     Atom  5  C   pos: ( -0.093253 -0.053840  0.000000)  bare sigma:         -49.34
           -95.1682        -21.3887          0.0000
           -21.3914        -70.4430         -0.0000
            -0.0000          0.0000         17.5835

     Atom  6  C   pos: ( -0.093253  0.053840  0.000000)  bare sigma:         -49.34
           -95.1682         21.3887         -0.0000
            21.3914        -70.4430          0.0000
            -0.0000         -0.0000         17.5835

     Atom  7  H   pos: (  0.000000  0.191523  0.000000)  bare sigma:          21.99
            23.0666         -0.0000          0.0000
            -0.0000         22.8636         -0.0000
            -0.0000         -0.0000         20.0534

     Atom  8  H   pos: (  0.165864  0.095761  0.000000)  bare sigma:          22.00
            22.8801         -0.1850          0.0000
            -0.1848         23.0574          0.0000
             0.0000          0.0000         20.0589

     Atom  9  H   pos: (  0.165864 -0.095761  0.000000)  bare sigma:          22.00
            22.8801          0.1850          0.0000
             0.1848         23.0574          0.0000
            -0.0000          0.0000         20.0589

     Atom 10  H   pos: (  0.000000 -0.191523  0.000000)  bare sigma:          21.99
            23.0666         -0.0000          0.0000
            -0.0000         22.8636          0.0000
             0.0000         -0.0000         20.0534

     Atom 11  H   pos: ( -0.165864 -0.095761  0.000000)  bare sigma:          22.00
            22.8801         -0.1850         -0.0000
            -0.1848         23.0574         -0.0000
             0.0000          0.0000         20.0589

     Atom 12  H   pos: ( -0.165864  0.095761  0.000000)  bare sigma:          22.00
            22.8801          0.1850          0.0000
             0.1848         23.0574         -0.0000
             0.0000          0.0000         20.0589

     Diamagnetic contribution in ppm:
 
     Atom  1  C   pos: (  0.000000  0.107679  0.000000)  dia sigma:           2.26
             2.1745          0.0000          0.0000
             0.0000          2.1931          0.0000
             0.0000          0.0000          2.3997

     Atom  2  C   pos: (  0.093253  0.053840  0.000000)  dia sigma:           2.26
             2.1890          0.0079          0.0000
             0.0079          2.1797         -0.0000
             0.0000         -0.0000          2.4004

     Atom  3  C   pos: (  0.093253 -0.053840  0.000000)  dia sigma:           2.26
             2.1890         -0.0079          0.0000
            -0.0079          2.1797         -0.0000
             0.0000         -0.0000          2.4004

     Atom  4  C   pos: (  0.000000 -0.107679  0.000000)  dia sigma:           2.26
             2.1745          0.0000          0.0000
             0.0000          2.1931          0.0000
             0.0000          0.0000          2.3997

     Atom  5  C   pos: ( -0.093253 -0.053840  0.000000)  dia sigma:           2.26
             2.1890          0.0079          0.0000
             0.0079          2.1797         -0.0000
             0.0000         -0.0000          2.4004

     Atom  6  C   pos: ( -0.093253  0.053840  0.000000)  dia sigma:           2.26
             2.1890         -0.0079         -0.0000
            -0.0079          2.1797         -0.0000
            -0.0000         -0.0000          2.4004

     Atom  7  H   pos: (  0.000000  0.191523  0.000000)  dia sigma:           0.51
             0.5147         -0.0000          0.0000
            -0.0000          0.5147          0.0000
             0.0000          0.0000          0.5147

     Atom  8  H   pos: (  0.165864  0.095761  0.000000)  dia sigma:           0.51
             0.5147          0.0000          0.0000
             0.0000          0.5147          0.0000
             0.0000          0.0000          0.5147

     Atom  9  H   pos: (  0.165864 -0.095761  0.000000)  dia sigma:           0.51
             0.5147         -0.0000          0.0000
            -0.0000          0.5147          0.0000
             0.0000          0.0000          0.5147

     Atom 10  H   pos: (  0.000000 -0.191523  0.000000)  dia sigma:           0.51
             0.5147         -0.0000          0.0000
            -0.0000          0.5147          0.0000
             0.0000          0.0000          0.5147

     Atom 11  H   pos: ( -0.165864 -0.095761  0.000000)  dia sigma:           0.51
             0.5147          0.0000          0.0000
             0.0000          0.5147          0.0000
             0.0000          0.0000          0.5147

     Atom 12  H   pos: ( -0.165864  0.095761  0.000000)  dia sigma:           0.51
             0.5147         -0.0000          0.0000
            -0.0000          0.5147          0.0000
             0.0000          0.0000          0.5147

     Paramagnetic contribution in ppm:
 
     Atom  1  C   pos: (  0.000000  0.107679  0.000000)  para sigma:         -97.05
          -101.0353          0.0000          0.0000
             0.0000       -147.7205          0.0000
             0.0000         -0.0000        -42.3819

     Atom  2  C   pos: (  0.093253  0.053840  0.000000)  para sigma:         -97.06
          -136.0696        -20.2030         -0.0000
           -20.2077       -112.7404          0.0000
             0.0000          0.0000        -42.3671

     Atom  3  C   pos: (  0.093253 -0.053840  0.000000)  para sigma:         -97.06
          -136.0696         20.2030          0.0000
            20.2077       -112.7404         -0.0000
            -0.0000          0.0000        -42.3671

     Atom  4  C   pos: (  0.000000 -0.107679  0.000000)  para sigma:         -97.05
          -101.0353          0.0000          0.0000
             0.0000       -147.7205          0.0000
             0.0000         -0.0000        -42.3819

     Atom  5  C   pos: ( -0.093253 -0.053840  0.000000)  para sigma:         -97.06
          -136.0696        -20.2030         -0.0000
           -20.2077       -112.7404          0.0000
            -0.0000         -0.0000        -42.3671

     Atom  6  C   pos: ( -0.093253  0.053840  0.000000)  para sigma:         -97.06
          -136.0696         20.2030          0.0000
            20.2077       -112.7404          0.0000
             0.0000         -0.0000        -42.3671

     Atom  7  H   pos: (  0.000000  0.191523  0.000000)  para sigma:           0.00
             0.0000          0.0000          0.0000
             0.0000          0.0000          0.0000
             0.0000          0.0000          0.0000

     Atom  8  H   pos: (  0.165864  0.095761  0.000000)  para sigma:           0.00
             0.0000          0.0000          0.0000
             0.0000          0.0000          0.0000
             0.0000          0.0000          0.0000

     Atom  9  H   pos: (  0.165864 -0.095761  0.000000)  para sigma:           0.00
             0.0000          0.0000          0.0000
             0.0000          0.0000          0.0000
             0.0000          0.0000          0.0000

     Atom 10  H   pos: (  0.000000 -0.191523  0.000000)  para sigma:           0.00
             0.0000          0.0000          0.0000
             0.0000          0.0000          0.0000
             0.0000          0.0000          0.0000

     Atom 11  H   pos: ( -0.165864 -0.095761  0.000000)  para sigma:           0.00
             0.0000          0.0000          0.0000
             0.0000          0.0000          0.0000
             0.0000          0.0000          0.0000

     Atom 12  H   pos: ( -0.165864  0.095761  0.000000)  para sigma:           0.00
             0.0000          0.0000          0.0000
             0.0000          0.0000          0.0000
             0.0000          0.0000          0.0000

     Paramagnetic US occ-occ contribution in ppm:
 
     Atom  1  C   pos: (  0.000000  0.107679  0.000000)  para_oo sigma:          -1.44
            -1.1060          0.0000          0.0000
             0.0000         -2.5370         -0.0000
             0.0000          0.0000         -0.6825

     Atom  2  C   pos: (  0.093253  0.053840  0.000000)  para_oo sigma:          -1.44
            -2.1799         -0.6199          0.0000
            -0.6198         -1.4636         -0.0000
             0.0000          0.0000         -0.6817

     Atom  3  C   pos: (  0.093253 -0.053840  0.000000)  para_oo sigma:          -1.44
            -2.1799          0.6199          0.0000
             0.6198         -1.4636          0.0000
             0.0000          0.0000         -0.6817

     Atom  4  C   pos: (  0.000000 -0.107679  0.000000)  para_oo sigma:          -1.44
            -1.1060          0.0000          0.0000
             0.0000         -2.5370         -0.0000
            -0.0000          0.0000         -0.6825

     Atom  5  C   pos: ( -0.093253 -0.053840  0.000000)  para_oo sigma:          -1.44
            -2.1799         -0.6199         -0.0000
            -0.6198         -1.4636          0.0000
             0.0000         -0.0000         -0.6817

     Atom  6  C   pos: ( -0.093253  0.053840  0.000000)  para_oo sigma:          -1.44
            -2.1799          0.6199          0.0000
             0.6198         -1.4636         -0.0000
             0.0000         -0.0000         -0.6817

     Atom  7  H   pos: (  0.000000  0.191523  0.000000)  para_oo sigma:           0.00
             0.0000          0.0000          0.0000
             0.0000          0.0000          0.0000
             0.0000          0.0000          0.0000

     Atom  8  H   pos: (  0.165864  0.095761  0.000000)  para_oo sigma:           0.00
             0.0000          0.0000          0.0000
             0.0000          0.0000          0.0000
             0.0000          0.0000          0.0000

     Atom  9  H   pos: (  0.165864 -0.095761  0.000000)  para_oo sigma:           0.00
             0.0000          0.0000          0.0000
             0.0000          0.0000          0.0000
             0.0000          0.0000          0.0000

     Atom 10  H   pos: (  0.000000 -0.191523  0.000000)  para_oo sigma:           0.00
             0.0000          0.0000          0.0000
             0.0000          0.0000          0.0000
             0.0000          0.0000          0.0000

     Atom 11  H   pos: ( -0.165864 -0.095761  0.000000)  para_oo sigma:           0.00
             0.0000          0.0000          0.0000
             0.0000          0.0000          0.0000
             0.0000          0.0000          0.0000

     Atom 12  H   pos: ( -0.165864  0.095761  0.000000)  para_oo sigma:           0.00
             0.0000          0.0000          0.0000
             0.0000          0.0000          0.0000
             0.0000          0.0000          0.0000

     Paramagnetic US L_R Q_R contribution in ppm:
 
     Atom  1  C   pos: (  0.000000  0.107679  0.000000)  para_lq sigma:         -10.51
           -10.7740          0.0000         -0.0000
             0.0000        -12.0729          0.0000
            -0.0000          0.0000         -8.6767

     Atom  2  C   pos: (  0.093253  0.053840  0.000000)  para_lq sigma:         -10.51
           -11.7517         -0.5604          0.0000
            -0.5594        -11.1036          0.0000
             0.0000         -0.0000         -8.6717

     Atom  3  C   pos: (  0.093253 -0.053840  0.000000)  para_lq sigma:         -10.51
           -11.7517          0.5604         -0.0000
             0.5594        -11.1036          0.0000
            -0.0000          0.0000         -8.6717

     Atom  4  C   pos: (  0.000000 -0.107679  0.000000)  para_lq sigma:         -10.51
           -10.7740          0.0000          0.0000
             0.0000        -12.0729         -0.0000
             0.0000         -0.0000         -8.6767

     Atom  5  C   pos: ( -0.093253 -0.053840  0.000000)  para_lq sigma:         -10.51
           -11.7517         -0.5604          0.0000
            -0.5594        -11.1036         -0.0000
             0.0000          0.0000         -8.6717

     Atom  6  C   pos: ( -0.093253  0.053840  0.000000)  para_lq sigma:         -10.51
           -11.7517          0.5604          0.0000
             0.5594        -11.1036          0.0000
             0.0000          0.0000         -8.6717

     Atom  7  H   pos: (  0.000000  0.191523  0.000000)  para_lq sigma:           0.00
             0.0000          0.0000          0.0000
             0.0000          0.0000          0.0000
             0.0000          0.0000          0.0000

     Atom  8  H   pos: (  0.165864  0.095761  0.000000)  para_lq sigma:           0.00
             0.0000          0.0000          0.0000
             0.0000          0.0000          0.0000
             0.0000          0.0000          0.0000

     Atom  9  H   pos: (  0.165864 -0.095761  0.000000)  para_lq sigma:           0.00
             0.0000          0.0000          0.0000
             0.0000          0.0000          0.0000
             0.0000          0.0000          0.0000

     Atom 10  H   pos: (  0.000000 -0.191523  0.000000)  para_lq sigma:           0.00
             0.0000          0.0000          0.0000
             0.0000          0.0000          0.0000
             0.0000          0.0000          0.0000

     Atom 11  H   pos: ( -0.165864 -0.095761  0.000000)  para_lq sigma:           0.00
             0.0000          0.0000          0.0000
             0.0000          0.0000          0.0000
             0.0000          0.0000          0.0000

     Atom 12  H   pos: ( -0.165864  0.095761  0.000000)  para_lq sigma:           0.00
             0.0000          0.0000          0.0000
             0.0000          0.0000          0.0000
             0.0000          0.0000          0.0000

 
     Total NMR chemical shifts in ppm: ---------------------------------------
     (adopting the Simpson convention for anisotropy and asymmetry)-----------
 
     Atom  1  C   pos: (  0.000000  0.107679  0.000000)  Total sigma:          44.44
            31.6591         -0.0000          0.0000
             0.0000        -67.0638          0.0000
            -0.0000         -0.0000        168.7141

     C    1    anisotropy:    186.42    eta:   -0.7944
     C    1    sigma_11=   31.6591    axis=(  1.000000 -0.000000  0.000000)
     C    1    sigma_22=  -67.0638    axis=(  0.000000  1.000000  0.000000)
     C    1    sigma_33=  168.7141    axis=(  0.000000  0.000000  1.000000)
 
     Atom  2  C   pos: (  0.093253  0.053840  0.000000)  Total sigma:          44.41
           -42.4705        -42.7640          0.0000
           -42.7703          6.9388         -0.0000
             0.0000          0.0000        168.7731

     C    2    anisotropy:    186.54    eta:   -0.7943
     C    2    sigma_11=   31.6240    axis=( -0.499901  0.866083  0.000000)
     C    2    sigma_22=  -67.1557    axis=( -0.866083 -0.499901  0.000000)
     C    2    sigma_33=  168.7731    axis=(  0.000000  0.000000  1.000000)
 
     Atom  3  C   pos: (  0.093253 -0.053840  0.000000)  Total sigma:          44.41
           -42.4705         42.7640          0.0000
            42.7703          6.9388          0.0000
             0.0000          0.0000        168.7731

     C    3    anisotropy:    186.54    eta:   -0.7943
     C    3    sigma_11=   31.6240    axis=(  0.499901  0.866083  0.000000)
     C    3    sigma_22=  -67.1557    axis=( -0.866083  0.499901  0.000000)
     C    3    sigma_33=  168.7731    axis=(  0.000000  0.000000  1.000000)
 
     Atom  4  C   pos: (  0.000000 -0.107679  0.000000)  Total sigma:          44.44
            31.6591          0.0000          0.0000
             0.0000        -67.0638          0.0000
             0.0000          0.0000        168.7141

     C    4    anisotropy:    186.42    eta:   -0.7944
     C    4    sigma_11=   31.6591    axis=( -1.000000 -0.000000  0.000000)
     C    4    sigma_22=  -67.0638    axis=( -0.000000 -1.000000  0.000000)
     C    4    sigma_33=  168.7141    axis=(  0.000000  0.000000  1.000000)
 
     Atom  5  C   pos: ( -0.093253 -0.053840  0.000000)  Total sigma:          44.41
           -42.4705        -42.7640          0.0000
           -42.7703          6.9388         -0.0000
            -0.0000          0.0000        168.7731

     C    5    anisotropy:    186.54    eta:   -0.7943
     C    5    sigma_11=   31.6240    axis=( -0.499901  0.866083  0.000000)
     C    5    sigma_22=  -67.1557    axis=( -0.866083 -0.499901  0.000000)
     C    5    sigma_33=  168.7731    axis=(  0.000000  0.000000  1.000000)
 
     Atom  6  C   pos: ( -0.093253  0.053840  0.000000)  Total sigma:          44.41
           -42.4705         42.7640         -0.0000
            42.7703          6.9388          0.0000
            -0.0000         -0.0000        168.7731

     C    6    anisotropy:    186.54    eta:   -0.7943
     C    6    sigma_11=   31.6240    axis=(  0.499901  0.866083  0.000000)
     C    6    sigma_22=  -67.1557    axis=( -0.866083  0.499901  0.000000)
     C    6    sigma_33=  168.7731    axis=(  0.000000  0.000000  1.000000)
 
     Atom  7  H   pos: (  0.000000  0.191523  0.000000)  Total sigma:          22.51
            23.5813         -0.0000          0.0000
            -0.0000         23.3782         -0.0000
            -0.0000         -0.0000         20.5681

     H    7    anisotropy:     -2.91    eta:   -0.1046
     H    7    sigma_11=   23.3782    axis=(  0.000000  1.000000  0.000000)
     H    7    sigma_22=   23.5813    axis=( -1.000000  0.000000  0.000000)
     H    7    sigma_33=   20.5681    axis=(  0.000000  0.000000  1.000000)
 
     Atom  8  H   pos: (  0.165864  0.095761  0.000000)  Total sigma:          22.51
            23.3948         -0.1850          0.0000
            -0.1848         23.5721          0.0000
             0.0000          0.0000         20.5736

     H    8    anisotropy:     -2.91    eta:   -0.2114
     H    8    sigma_11=   23.2784    axis=(  0.846243  0.532798  0.000000)
     H    8    sigma_22=   23.6885    axis=( -0.532798  0.846243  0.000000)
     H    8    sigma_33=   20.5736    axis=(  0.000000  0.000000  1.000000)
 
     Atom  9  H   pos: (  0.165864 -0.095761  0.000000)  Total sigma:          22.51
            23.3948          0.1850          0.0000
             0.1848         23.5721          0.0000
            -0.0000          0.0000         20.5736

     H    9    anisotropy:     -2.91    eta:   -0.2114
     H    9    sigma_11=   23.2784    axis=( -0.846243  0.532798  0.000000)
     H    9    sigma_22=   23.6885    axis=( -0.532798 -0.846243  0.000000)
     H    9    sigma_33=   20.5736    axis=(  0.000000  0.000000  1.000000)
 
     Atom 10  H   pos: (  0.000000 -0.191523  0.000000)  Total sigma:          22.51
            23.5813         -0.0000          0.0000
            -0.0000         23.3782          0.0000
             0.0000         -0.0000         20.5681

     H   10    anisotropy:     -2.91    eta:   -0.1046
     H   10    sigma_11=   23.3782    axis=(  0.000000  1.000000  0.000000)
     H   10    sigma_22=   23.5813    axis=( -1.000000  0.000000  0.000000)
     H   10    sigma_33=   20.5681    axis=(  0.000000  0.000000  1.000000)
 
     Atom 11  H   pos: ( -0.165864 -0.095761  0.000000)  Total sigma:          22.51
            23.3948         -0.1850         -0.0000
            -0.1848         23.5721         -0.0000
             0.0000          0.0000         20.5736

     H   11    anisotropy:     -2.91    eta:   -0.2114
     H   11    sigma_11=   23.2784    axis=( -0.846243 -0.532798  0.000000)
     H   11    sigma_22=   23.6885    axis=(  0.532798 -0.846243  0.000000)
     H   11    sigma_33=   20.5736    axis=(  0.000000  0.000000  1.000000)
 
     Atom 12  H   pos: ( -0.165864  0.095761  0.000000)  Total sigma:          22.51
            23.3948          0.1850          0.0000
             0.1848         23.5721         -0.0000
             0.0000          0.0000         20.5736

     H   12    anisotropy:     -2.91    eta:   -0.2114
     H   12    sigma_11=   23.2784    axis=( -0.846243  0.532798  0.000000)
     H   12    sigma_22=   23.6885    axis=( -0.532798 -0.846243  0.000000)
     H   12    sigma_33=   20.5736    axis=(  0.000000  0.000000  1.000000)
 
     Initialization:
     gipaw_setup  :      0.43s CPU      0.49s WALL (       1 calls)
 
     Linear response
     greenf       :     58.03s CPU     58.18s WALL (      24 calls)
     cgsolve      :     57.54s CPU     57.70s WALL (      24 calls)
     ch_psi       :     54.99s CPU     55.27s WALL (     485 calls)
     h_psiq       :     48.93s CPU     49.15s WALL (     485 calls)
 
     Apply operators
     h_psi        :     52.62s CPU     52.72s WALL (     593 calls)
     apply_vel    :      2.12s CPU      2.12s WALL (      21 calls)
 
     Induced current
     j_para       :     13.73s CPU     13.76s WALL (      27 calls)
     biot_savart  :      0.56s CPU      0.58s WALL (       1 calls)
 
     Other routines
 
     General routines
     calbec       :      4.37s CPU      4.49s WALL (    1766 calls)
     fft          :      1.01s CPU      1.03s WALL (      42 calls)
     ffts         :      0.06s CPU      0.06s WALL (      10 calls)
     fftw         :     41.14s CPU     41.32s WALL (   21682 calls)
     davcio       :      0.00s CPU      0.01s WALL (      15 calls)
 
     Parallel routines
     fft_scatter  :     15.78s CPU     15.79s WALL (   21734 calls)
 
     Plugins
 
     GIPAW        :     90.72s CPU     91.76s WALL (       1 calls)
