
     Program GIPAW v.6.4.1 starts on 29May2019 at 11:14:11 

     This program is part of the open-source Quantum ESPRESSO suite
     for quantum simulation of materials; please cite
         "P. Giannozzi et al., J. Phys.:Condens. Matter 21 395502 (2009);
         "P. Giannozzi et al., J. Phys.:Condens. Matter 29 465901 (2017);
          URL http://www.quantum-espresso.org", 
     in publications or presentations arising from this work. More details at
     http://www.quantum-espresso.org/quote

     Parallel version (MPI), running on     4 processors

     MPI processes distributed on     1 nodes
     R & G space division:  proc/nbgrp/npool/nimage =       4
 
     ***** This is GIPAW git revision 5391d9015a1d0d7f243b4ea6da3c02ea5229b7f7 *****
     ***** you can cite: N. Varini et al., Comp. Phys. Comm. 184, 1827 (2013)  *****
     ***** in publications or presentations arising from this work.            *****
 
     Parallelizing q-star over 1 images

     Reading data from directory:
     /tmp/ceresoli/benzene.save/

     IMPORTANT: XC functional enforced from input :
     Exchange-correlation      = PBE ( 1  4  3  4 0 0)
     Any further DFT definition will be discarded
     Please, verify this is what you really want

 
     Parallelization info
     --------------------
     sticks:   dense  smooth     PW     G-vecs:    dense   smooth      PW
     Min        4052    4052   1008               246879   246879   30866
     Max        4054    4054   1010               246880   246880   30867
     Sum       16213   16213   4037               987519   987519  123465
 

     Subspace diagonalization in iterative solution of the eigenvalue problem:
     a serial algorithm will be used

     GIPAW projectors -----------------------------------------------
     atom=  C    l=0  rc=    1.7500  rs=    1.1667
     atom=  C    l=0  rc=    1.7500  rs=    1.1667
     atom=  C    l=1  rc=    1.7500  rs=    1.1667
     atom=  C    l=1  rc=    1.7500  rs=    1.1667
     projs nearly linearly dependent: l=1  n1,n2= 1, 2  s= -0.99430547
 
     atom=  H    l=0  rc=    1.2000  rs=    0.8000
     atom=  H    l=0  rc=    1.2000  rs=    0.8000
     projs nearly linearly dependent: l=0  n1,n2= 1, 2  s= -0.99707079
     -----------------------------------------------------------------
 
     GIPAW integrals: -------------------------------------------
     Atom  i/j   nmr_para   nmr_dia   epr_rmc  epr_para   epr_dia
       C   1 1   0.44E+03  0.21E+00  0.50E+01  0.54E+04  0.35E+01
       C   2 1  -0.50E+03 -0.22E+00 -0.58E+01 -0.62E+04 -0.42E+01
       C   2 2   0.58E+03  0.23E+00  0.68E+01  0.72E+04  0.50E+01
       C   3 3   0.15E+01  0.70E-01  0.47E+00  0.26E+02  0.95E+00
       C   4 3  -0.18E+01 -0.10E+00 -0.67E+00 -0.32E+02 -0.13E+01
       C   4 4   0.23E+01  0.15E+00  0.95E+00  0.38E+02  0.19E+01
       H   1 1   0.26E+02  0.66E-01  0.98E-01  0.15E+03  0.20E+00
       H   2 1  -0.30E+02 -0.85E-01 -0.13E+00 -0.17E+03 -0.26E+00
       H   2 2   0.35E+02  0.11E+00  0.18E+00  0.19E+03  0.36E+00
     ------------------------------------------------------------
 
     alpha_pv=     29.5812 eV
 
     Number of occupied bands for each k-point:
     k-point:     1    nbnd_occ=  15
 
 
     q-space interpolation up to    99.00 Rydberg
 
     GIPAW job: nmr                                                                             
     NMR macroscopic correction: no
 
     Largest allocated arrays     est. size (Mb)     dimensions
        KS wavefunctions at k           7.06 Mb     (   30866,   15)
        KS wavefunctions at k+q         7.06 Mb     (   30866,   15)
        First-order wavefunctions      70.65 Mb     (   30866,   15, 10)
        Charge/spin density             3.96 Mb     (  518400,    1)
        Induced current                35.60 Mb     (  518400,    3,3,1)
        Induced magnetic field         35.60 Mb     (  518400,    3,3,1)
        NL pseudopotentials             2.83 Mb     (   30866,    6)
        GIPAW NL terms                 28.26 Mb     (   30866,   60)
 
     Computing the magnetic susceptibility     isolve=1    ethr=  0.1000E-13
     Starting from scratch
     k-point #    1 of     1      pool #  1    cpu time:       2.0
     compute_u_kq: q = (    0.0000,    0.0000,    0.0000)
     Rotating WFCS
     ethr =  1.00E-14,  avg # of iterations =  7.5
     eigenvalues at k:
 -20.5506 -17.7484 -17.7483 -14.1754 -14.1753 -12.3333 -10.5619 -10.3389
  -9.6513  -9.6511  -8.5023  -7.6547  -7.6545  -5.7600  -5.7600
     eigenvalues at k+q:
 -20.5505 -17.7483 -17.7482 -14.1753 -14.1752 -12.3332 -10.5618 -10.3388
  -9.6513  -9.6511  -8.5023  -7.6546  -7.6544  -5.7600  -5.7599
     cgsolve_all iterations  21    anorm=    0.60E-07
     cgsolve_all iterations  21    anorm=    0.65E-07
     cgsolve_all iterations  21    anorm=    0.63E-07
     compute_u_kq: q = (    0.0389,    0.0000,    0.0000)
     Rotating WFCS
     ethr =  1.00E-14,  avg # of iterations = 18.6
     eigenvalues at k:
 -20.5506 -17.7484 -17.7483 -14.1754 -14.1753 -12.3333 -10.5619 -10.3389
  -9.6513  -9.6511  -8.5023  -7.6547  -7.6545  -5.7600  -5.7600
     eigenvalues at k+q:
 -20.5505 -17.7483 -17.7482 -14.1753 -14.1752 -12.3332 -10.5618 -10.3388
  -9.6513  -9.6511  -8.5023  -7.6546  -7.6544  -5.7600  -5.7599
     cgsolve_all iterations  21    anorm=    0.67E-07
     cgsolve_all iterations  21    anorm=    0.67E-07
     cgsolve_all iterations  22    anorm=    0.67E-07
     compute_u_kq: q = (   -0.0389,    0.0000,    0.0000)
     Rotating WFCS
     ethr =  1.00E-14,  avg # of iterations = 18.7
     eigenvalues at k:
 -20.5506 -17.7484 -17.7483 -14.1754 -14.1753 -12.3333 -10.5619 -10.3389
  -9.6513  -9.6511  -8.5023  -7.6547  -7.6545  -5.7600  -5.7600
     eigenvalues at k+q:
 -20.5505 -17.7483 -17.7482 -14.1753 -14.1752 -12.3332 -10.5618 -10.3388
  -9.6513  -9.6511  -8.5023  -7.6546  -7.6544  -5.7600  -5.7599
     cgsolve_all iterations  21    anorm=    0.67E-07
     cgsolve_all iterations  21    anorm=    0.67E-07
     cgsolve_all iterations  22    anorm=    0.67E-07
     compute_u_kq: q = (    0.0000,    0.0389,    0.0000)
     Rotating WFCS
     ethr =  1.00E-14,  avg # of iterations = 18.3
     eigenvalues at k:
 -20.5506 -17.7484 -17.7483 -14.1754 -14.1753 -12.3333 -10.5619 -10.3389
  -9.6513  -9.6511  -8.5023  -7.6547  -7.6545  -5.7600  -5.7600
     eigenvalues at k+q:
 -20.5505 -17.7483 -17.7482 -14.1753 -14.1752 -12.3332 -10.5618 -10.3388
  -9.6513  -9.6511  -8.5023  -7.6546  -7.6544  -5.7600  -5.7599
     cgsolve_all iterations  22    anorm=    0.65E-07
     cgsolve_all iterations  22    anorm=    0.70E-07
     cgsolve_all iterations  22    anorm=    0.63E-07
     compute_u_kq: q = (    0.0000,   -0.0389,    0.0000)
     Rotating WFCS
     ethr =  1.00E-14,  avg # of iterations = 18.3
     eigenvalues at k:
 -20.5506 -17.7484 -17.7483 -14.1754 -14.1753 -12.3333 -10.5619 -10.3389
  -9.6513  -9.6511  -8.5023  -7.6547  -7.6545  -5.7600  -5.7600
     eigenvalues at k+q:
 -20.5505 -17.7483 -17.7482 -14.1753 -14.1752 -12.3332 -10.5618 -10.3388
  -9.6513  -9.6511  -8.5023  -7.6546  -7.6544  -5.7600  -5.7599
     cgsolve_all iterations  22    anorm=    0.65E-07
     cgsolve_all iterations  22    anorm=    0.70E-07
     cgsolve_all iterations  22    anorm=    0.63E-07
     compute_u_kq: q = (    0.0000,    0.0000,    0.0389)
     Rotating WFCS
     ethr =  1.00E-14,  avg # of iterations = 14.1
     eigenvalues at k:
 -20.5506 -17.7484 -17.7483 -14.1754 -14.1753 -12.3333 -10.5619 -10.3389
  -9.6513  -9.6511  -8.5023  -7.6547  -7.6545  -5.7600  -5.7600
     eigenvalues at k+q:
 -20.5505 -17.7483 -17.7482 -14.1753 -14.1752 -12.3332 -10.5618 -10.3388
  -9.6513  -9.6511  -8.5023  -7.6546  -7.6544  -5.7600  -5.7599
     cgsolve_all iterations  23    anorm=    0.67E-07
     cgsolve_all iterations  23    anorm=    0.66E-07
     cgsolve_all iterations  21    anorm=    0.64E-07
     compute_u_kq: q = (    0.0000,    0.0000,   -0.0389)
     Rotating WFCS
     ethr =  1.00E-14,  avg # of iterations = 14.0
     eigenvalues at k:
 -20.5506 -17.7484 -17.7483 -14.1754 -14.1753 -12.3333 -10.5619 -10.3389
  -9.6513  -9.6511  -8.5023  -7.6547  -7.6545  -5.7600  -5.7600
     eigenvalues at k+q:
 -20.5505 -17.7483 -17.7482 -14.1753 -14.1752 -12.3332 -10.5618 -10.3388
  -9.6513  -9.6511  -8.5023  -7.6546  -7.6544  -5.7600  -5.7599
     cgsolve_all iterations  23    anorm=    0.67E-07
     cgsolve_all iterations  23    anorm=    0.66E-07
     cgsolve_all iterations  21    anorm=    0.64E-07
 
     End of magnetic susceptibility calculation
 
     f-sum rule (1st term):
           -30.0000          0.0000          0.0000
             0.0000        -29.9990          0.0000
             0.0000          0.0000        -30.0407

     f-sum rule (2nd term):
             0.0000          0.0000          0.0000
             0.0000          0.0000          0.0000
             0.0000          0.0000          0.0000

     f-sum rule (should be   -30.0000):
           -30.0000          0.0000          0.0000
             0.0000        -29.9990          0.0000
             0.0000          0.0000        -30.0407

     chi_bare pGv (HH) in paratec units:
        -7.736063      0.001301      0.001031
         0.001286     -7.767718     -0.002743
         0.001421     -0.003464    -20.061737

        -7.736063      0.000000      0.000000
         0.000000     -7.767718      0.000000
         0.000000      0.000000    -20.061737

     chi_bare vGv (VV) in paratec units:
        -6.749687      0.001295      0.000942
         0.001282     -6.781789     -0.002185
         0.000971     -0.002358    -20.616255

        -6.749687      0.000000      0.000000
         0.000000     -6.781789      0.000000
         0.000000      0.000000    -20.616255

     chi_bare pGv (HH) in 10^{-6} cm^3/mol:
           -36.7625          0.0000          0.0000
             0.0000        -36.9129          0.0000
             0.0000          0.0000        -95.3353

     chi_bare vGv (VV) in 10^{-6} cm^3/mol:
           -32.0752          0.0000          0.0000
             0.0000        -32.2277          0.0000
             0.0000          0.0000        -97.9704

     Contributions to the NMR chemical shifts: -------------------------------
 
     Macroscopic shape contribution in ppm:                    0.00
             0.0000          0.0000          0.0000
             0.0000          0.0000          0.0000
             0.0000          0.0000          0.0000

 
     Core contribution in ppm:
 
     Atom  1  C   pos: (  0.000000  0.107679  0.000000)  core sigma:         200.33
     Atom  2  C   pos: (  0.093253  0.053840  0.000000)  core sigma:         200.33
     Atom  3  C   pos: (  0.093253 -0.053840  0.000000)  core sigma:         200.33
     Atom  4  C   pos: (  0.000000 -0.107679  0.000000)  core sigma:         200.33
     Atom  5  C   pos: ( -0.093253 -0.053840  0.000000)  core sigma:         200.33
     Atom  6  C   pos: ( -0.093253  0.053840  0.000000)  core sigma:         200.33
     Atom  7  H   pos: (  0.000000  0.191523  0.000000)  core sigma:           0.00
     Atom  8  H   pos: (  0.165864  0.095761  0.000000)  core sigma:           0.00
     Atom  9  H   pos: (  0.165864 -0.095761  0.000000)  core sigma:           0.00
     Atom 10  H   pos: (  0.000000 -0.191523  0.000000)  core sigma:           0.00
     Atom 11  H   pos: ( -0.165864 -0.095761  0.000000)  core sigma:           0.00
     Atom 12  H   pos: ( -0.165864  0.095761  0.000000)  core sigma:           0.00
 
     Bare contribution in ppm:
 
     Atom  1  C   pos: (  0.000000  0.107679  0.000000)  bare sigma:         -77.05
           -87.6767         -0.0000         -0.0000
            -0.0000       -147.8786          0.0000
             0.0000         -0.0000          4.3977

     Atom  2  C   pos: (  0.093253  0.053840  0.000000)  bare sigma:         -77.06
          -132.8876        -26.0918          0.0000
           -26.1034       -102.7314          0.0000
            -0.0000         -0.0000          4.4382

     Atom  3  C   pos: (  0.093253 -0.053840  0.000000)  bare sigma:         -77.06
          -132.8876         26.0918          0.0000
            26.1034       -102.7314         -0.0000
             0.0000         -0.0000          4.4382

     Atom  4  C   pos: (  0.000000 -0.107679  0.000000)  bare sigma:         -77.05
           -87.6767         -0.0000          0.0000
            -0.0000       -147.8786          0.0000
            -0.0000          0.0000          4.3977

     Atom  5  C   pos: ( -0.093253 -0.053840  0.000000)  bare sigma:         -77.06
          -132.8876        -26.0918         -0.0000
           -26.1034       -102.7314         -0.0000
            -0.0000         -0.0000          4.4382

     Atom  6  C   pos: ( -0.093253  0.053840  0.000000)  bare sigma:         -77.06
          -132.8876         26.0918          0.0000
            26.1034       -102.7314         -0.0000
            -0.0000         -0.0000          4.4382

     Atom  7  H   pos: (  0.000000  0.191523  0.000000)  bare sigma:          22.47
            24.8228          0.0000          0.0000
             0.0000         22.0172         -0.0000
            -0.0000          0.0000         20.5603

     Atom  8  H   pos: (  0.165864  0.095761  0.000000)  bare sigma:          22.47
            22.6859         -1.3007          0.0000
            -1.3001         24.1553          0.0000
             0.0000         -0.0000         20.5643

     Atom  9  H   pos: (  0.165864 -0.095761  0.000000)  bare sigma:          22.47
            22.6859          1.3007         -0.0000
             1.3001         24.1553          0.0000
            -0.0000          0.0000         20.5643

     Atom 10  H   pos: (  0.000000 -0.191523  0.000000)  bare sigma:          22.47
            24.8228          0.0000          0.0000
             0.0000         22.0172          0.0000
            -0.0000         -0.0000         20.5603

     Atom 11  H   pos: ( -0.165864 -0.095761  0.000000)  bare sigma:          22.47
            22.6859         -1.3007          0.0000
            -1.3001         24.1553          0.0000
            -0.0000          0.0000         20.5643

     Atom 12  H   pos: ( -0.165864  0.095761  0.000000)  bare sigma:          22.47
            22.6859          1.3007         -0.0000
             1.3001         24.1553         -0.0000
            -0.0000         -0.0000         20.5643

     Diamagnetic contribution in ppm:
 
     Atom  1  C   pos: (  0.000000  0.107679  0.000000)  dia sigma:           3.83
             3.8354         -0.0000          0.0000
            -0.0000          3.8315          0.0000
             0.0000         -0.0000          3.8301

     Atom  2  C   pos: (  0.093253  0.053840  0.000000)  dia sigma:           3.83
             3.8325         -0.0017         -0.0000
            -0.0017          3.8345          0.0000
            -0.0000          0.0000          3.8301

     Atom  3  C   pos: (  0.093253 -0.053840  0.000000)  dia sigma:           3.83
             3.8325          0.0017          0.0000
             0.0017          3.8345          0.0000
             0.0000          0.0000          3.8301

     Atom  4  C   pos: (  0.000000 -0.107679  0.000000)  dia sigma:           3.83
             3.8354          0.0000          0.0000
             0.0000          3.8315          0.0000
             0.0000          0.0000          3.8301

     Atom  5  C   pos: ( -0.093253 -0.053840  0.000000)  dia sigma:           3.83
             3.8325         -0.0017          0.0000
            -0.0017          3.8345         -0.0000
             0.0000         -0.0000          3.8301

     Atom  6  C   pos: ( -0.093253  0.053840  0.000000)  dia sigma:           3.83
             3.8325          0.0017          0.0000
             0.0017          3.8345          0.0000
             0.0000          0.0000          3.8301

     Atom  7  H   pos: (  0.000000  0.191523  0.000000)  dia sigma:           0.43
             0.4281          0.0000          0.0000
             0.0000          0.4281          0.0000
             0.0000          0.0000          0.4281

     Atom  8  H   pos: (  0.165864  0.095761  0.000000)  dia sigma:           0.43
             0.4281         -0.0000          0.0000
            -0.0000          0.4281          0.0000
             0.0000          0.0000          0.4281

     Atom  9  H   pos: (  0.165864 -0.095761  0.000000)  dia sigma:           0.43
             0.4281          0.0000          0.0000
             0.0000          0.4281          0.0000
             0.0000          0.0000          0.4281

     Atom 10  H   pos: (  0.000000 -0.191523  0.000000)  dia sigma:           0.43
             0.4281          0.0000          0.0000
             0.0000          0.4281          0.0000
             0.0000          0.0000          0.4281

     Atom 11  H   pos: ( -0.165864 -0.095761  0.000000)  dia sigma:           0.43
             0.4281         -0.0000          0.0000
            -0.0000          0.4281          0.0000
             0.0000          0.0000          0.4281

     Atom 12  H   pos: ( -0.165864  0.095761  0.000000)  dia sigma:           0.43
             0.4281          0.0000          0.0000
             0.0000          0.4281          0.0000
             0.0000          0.0000          0.4281

     Paramagnetic contribution in ppm:
 
     Atom  1  C   pos: (  0.000000  0.107679  0.000000)  para sigma:         -87.40
           -90.8356          0.0000          0.0000
             0.0000       -130.5812          0.0000
            -0.0000         -0.0000        -40.7703

     Atom  2  C   pos: (  0.093253  0.053840  0.000000)  para sigma:         -87.40
          -120.6602        -17.2018          0.0000
           -17.2081       -100.7927          0.0000
            -0.0000          0.0000        -40.7494

     Atom  3  C   pos: (  0.093253 -0.053840  0.000000)  para sigma:         -87.40
          -120.6602         17.2018          0.0000
            17.2081       -100.7927         -0.0000
             0.0000          0.0000        -40.7494

     Atom  4  C   pos: (  0.000000 -0.107679  0.000000)  para sigma:         -87.40
           -90.8356         -0.0000          0.0000
             0.0000       -130.5812          0.0000
            -0.0000          0.0000        -40.7703

     Atom  5  C   pos: ( -0.093253 -0.053840  0.000000)  para sigma:         -87.40
          -120.6602        -17.2018          0.0000
           -17.2081       -100.7927          0.0000
             0.0000          0.0000        -40.7494

     Atom  6  C   pos: ( -0.093253  0.053840  0.000000)  para sigma:         -87.40
          -120.6602         17.2018         -0.0000
            17.2081       -100.7927          0.0000
             0.0000         -0.0000        -40.7494

     Atom  7  H   pos: (  0.000000  0.191523  0.000000)  para sigma:           0.00
             0.0000          0.0000          0.0000
             0.0000          0.0000          0.0000
             0.0000          0.0000          0.0000

     Atom  8  H   pos: (  0.165864  0.095761  0.000000)  para sigma:           0.00
             0.0000          0.0000          0.0000
             0.0000          0.0000          0.0000
             0.0000          0.0000          0.0000

     Atom  9  H   pos: (  0.165864 -0.095761  0.000000)  para sigma:           0.00
             0.0000          0.0000          0.0000
             0.0000          0.0000          0.0000
             0.0000          0.0000          0.0000

     Atom 10  H   pos: (  0.000000 -0.191523  0.000000)  para sigma:           0.00
             0.0000          0.0000          0.0000
             0.0000          0.0000          0.0000
             0.0000          0.0000          0.0000

     Atom 11  H   pos: ( -0.165864 -0.095761  0.000000)  para sigma:           0.00
             0.0000          0.0000          0.0000
             0.0000          0.0000          0.0000
             0.0000          0.0000          0.0000

     Atom 12  H   pos: ( -0.165864  0.095761  0.000000)  para sigma:           0.00
             0.0000          0.0000          0.0000
             0.0000          0.0000          0.0000
             0.0000          0.0000          0.0000

 
     Total NMR chemical shifts in ppm: ---------------------------------------
     (adopting the Simpson convention for anisotropy and asymmetry)-----------
 
     Atom  1  C   pos: (  0.000000  0.107679  0.000000)  Total sigma:          39.72
            25.6559         -0.0000         -0.0000
            -0.0000        -74.2956          0.0000
             0.0000         -0.0000        167.7902

     C    1    anisotropy:    192.11    eta:   -0.7804
     C    1    sigma_11=     25.66    axis=( -1.000000  0.000000  0.000000)
     C    1    sigma_22=    -74.30    axis=( -0.000000 -1.000000  0.000000)
     C    1    sigma_33=    167.79    axis=(  0.000000  0.000000  1.000000)
 
     Atom  2  C   pos: (  0.093253  0.053840  0.000000)  Total sigma:          39.70
           -49.3826        -43.2953          0.0000
           -43.3132          0.6431          0.0000
            -0.0000         -0.0000        167.8516

     C    2    anisotropy:    192.22    eta:   -0.7805
     C    2    sigma_11=     25.64    axis=( -0.499917  0.866074  0.000000)
     C    2    sigma_22=    -74.38    axis=( -0.866074 -0.499917  0.000000)
     C    2    sigma_33=    167.85    axis=(  0.000000  0.000000  1.000000)
 
     Atom  3  C   pos: (  0.093253 -0.053840  0.000000)  Total sigma:          39.70
           -49.3826         43.2953          0.0000
            43.3132          0.6431         -0.0000
             0.0000         -0.0000        167.8516

     C    3    anisotropy:    192.22    eta:   -0.7805
     C    3    sigma_11=     25.64    axis=( -0.499917 -0.866074  0.000000)
     C    3    sigma_22=    -74.38    axis=(  0.866074 -0.499917  0.000000)
     C    3    sigma_33=    167.85    axis=(  0.000000  0.000000  1.000000)
 
     Atom  4  C   pos: (  0.000000 -0.107679  0.000000)  Total sigma:          39.72
            25.6559         -0.0000          0.0000
            -0.0000        -74.2956          0.0000
            -0.0000          0.0000        167.7902

     C    4    anisotropy:    192.11    eta:   -0.7804
     C    4    sigma_11=     25.66    axis=( -1.000000  0.000000  0.000000)
     C    4    sigma_22=    -74.30    axis=( -0.000000 -1.000000  0.000000)
     C    4    sigma_33=    167.79    axis=(  0.000000  0.000000  1.000000)
 
     Atom  5  C   pos: ( -0.093253 -0.053840  0.000000)  Total sigma:          39.70
           -49.3826        -43.2953         -0.0000
           -43.3132          0.6431         -0.0000
            -0.0000         -0.0000        167.8516

     C    5    anisotropy:    192.22    eta:   -0.7805
     C    5    sigma_11=     25.64    axis=( -0.499917  0.866074  0.000000)
     C    5    sigma_22=    -74.38    axis=( -0.866074 -0.499917  0.000000)
     C    5    sigma_33=    167.85    axis=(  0.000000  0.000000  1.000000)
 
     Atom  6  C   pos: ( -0.093253  0.053840  0.000000)  Total sigma:          39.70
           -49.3826         43.2953          0.0000
            43.3132          0.6431         -0.0000
            -0.0000         -0.0000        167.8516

     C    6    anisotropy:    192.22    eta:   -0.7805
     C    6    sigma_11=     25.64    axis=(  0.499917  0.866074  0.000000)
     C    6    sigma_22=    -74.38    axis=( -0.866074  0.499917  0.000000)
     C    6    sigma_33=    167.85    axis=(  0.000000  0.000000  1.000000)
 
     Atom  7  H   pos: (  0.000000  0.191523  0.000000)  Total sigma:          22.89
            25.2509          0.0000          0.0000
             0.0000         22.4453         -0.0000
            -0.0000          0.0000         20.9884

     H    7    anisotropy:      3.53    eta:   -0.6184
     H    7    sigma_11=     22.45    axis=( -0.000000  1.000000  0.000000)
     H    7    sigma_22=     20.99    axis=(  0.000000  0.000000  1.000000)
     H    7    sigma_33=     25.25    axis=( -1.000000 -0.000000  0.000000)
 
     Atom  8  H   pos: (  0.165864  0.095761  0.000000)  Total sigma:          22.90
            23.1140         -1.3007          0.0000
            -1.3001         24.5834          0.0000
             0.0000         -0.0000         20.9924

     H    8    anisotropy:      3.67    eta:   -0.5572
     H    8    sigma_11=     22.36    axis=( -0.863680 -0.504041  0.000000)
     H    8    sigma_22=     20.99    axis=(  0.000000  0.000000  1.000000)
     H    8    sigma_33=     25.34    axis=(  0.504041 -0.863680  0.000000)
 
     Atom  9  H   pos: (  0.165864 -0.095761  0.000000)  Total sigma:          22.90
            23.1140          1.3007         -0.0000
             1.3001         24.5834          0.0000
            -0.0000          0.0000         20.9924

     H    9    anisotropy:      3.67    eta:   -0.5572
     H    9    sigma_11=     22.36    axis=( -0.863680  0.504041  0.000000)
     H    9    sigma_22=     20.99    axis=(  0.000000  0.000000  1.000000)
     H    9    sigma_33=     25.34    axis=( -0.504041 -0.863680  0.000000)
 
     Atom 10  H   pos: (  0.000000 -0.191523  0.000000)  Total sigma:          22.89
            25.2509          0.0000          0.0000
             0.0000         22.4453          0.0000
            -0.0000         -0.0000         20.9884

     H   10    anisotropy:      3.53    eta:   -0.6184
     H   10    sigma_11=     22.45    axis=(  0.000000 -1.000000  0.000000)
     H   10    sigma_22=     20.99    axis=(  0.000000  0.000000  1.000000)
     H   10    sigma_33=     25.25    axis=(  1.000000  0.000000  0.000000)
 
     Atom 11  H   pos: ( -0.165864 -0.095761  0.000000)  Total sigma:          22.90
            23.1140         -1.3007          0.0000
            -1.3001         24.5834          0.0000
            -0.0000          0.0000         20.9924

     H   11    anisotropy:      3.67    eta:   -0.5572
     H   11    sigma_11=     22.36    axis=( -0.863680 -0.504041  0.000000)
     H   11    sigma_22=     20.99    axis=(  0.000000  0.000000  1.000000)
     H   11    sigma_33=     25.34    axis=(  0.504041 -0.863680  0.000000)
 
     Atom 12  H   pos: ( -0.165864  0.095761  0.000000)  Total sigma:          22.90
            23.1140          1.3007         -0.0000
             1.3001         24.5834         -0.0000
            -0.0000         -0.0000         20.9924

     H   12    anisotropy:      3.67    eta:   -0.5572
     H   12    sigma_11=     22.36    axis=( -0.863680  0.504041  0.000000)
     H   12    sigma_22=     20.99    axis=(  0.000000  0.000000  1.000000)
     H   12    sigma_33=     25.34    axis=( -0.504041 -0.863680  0.000000)
 
     Initialization:
     gipaw_setup  :      0.08s CPU      0.10s WALL (       1 calls)
 
     Linear response
     greenf       :    298.32s CPU    307.24s WALL (      21 calls)
     cgsolve      :    297.62s CPU    306.51s WALL (      21 calls)
     ch_psi       :    287.50s CPU    296.01s WALL (     457 calls)
     h_psiq       :    270.27s CPU    278.55s WALL (     457 calls)
 
     Apply operators
     h_psi        :    332.84s CPU    343.34s WALL (    1902 calls)
     apply_vel    :      1.20s CPU      1.23s WALL (      21 calls)
 
     Induced current
     j_para       :     50.28s CPU     51.43s WALL (      12 calls)
     biot_savart  :      0.80s CPU      0.89s WALL (       1 calls)
 
     Other routines
 
     General routines
     calbec       :      6.80s CPU      6.94s WALL (    4344 calls)
     fft          :      1.07s CPU      1.22s WALL (      30 calls)
     fftw         :    297.90s CPU    307.90s WALL (   19152 calls)
     davcio       :      0.01s CPU      0.06s WALL (      16 calls)
 
     Parallel routines
 
     Plugins
 
 
     GIPAW        :   7m 9.62s CPU   7m22.86s WALL

 
   This run was terminated on:  11:21:34  29May2019            

=------------------------------------------------------------------------------=
   JOB DONE.
=------------------------------------------------------------------------------=
