
     Program GIPAW v.6.4.1 starts on 29May2019 at 13:36:17 

     This program is part of the open-source Quantum ESPRESSO suite
     for quantum simulation of materials; please cite
         "P. Giannozzi et al., J. Phys.:Condens. Matter 21 395502 (2009);
         "P. Giannozzi et al., J. Phys.:Condens. Matter 29 465901 (2017);
          URL http://www.quantum-espresso.org", 
     in publications or presentations arising from this work. More details at
     http://www.quantum-espresso.org/quote

     Parallel version (MPI), running on     4 processors

     MPI processes distributed on     1 nodes
     R & G space division:  proc/nbgrp/npool/nimage =       4
 
     ***** This is GIPAW git revision c1102d23c6bab314699b366e90a4671a85cbd64a *****
     ***** you can cite: N. Varini et al., Comp. Phys. Comm. 184, 1827 (2013)  *****
     ***** in publications or presentations arising from this work.            *****
 
     Parallelizing q-star over 1 images

     Reading data from directory:
     /tmp/ceresoli/quartz.save/

     IMPORTANT: XC functional enforced from input :
     Exchange-correlation      = PBE ( 1  4  3  4 0 0)
     Any further DFT definition will be discarded
     Please, verify this is what you really want

 
     Parallelization info
     --------------------
     sticks:   dense  smooth     PW     G-vecs:    dense   smooth      PW
     Min         475     475    133                18414    18414    2747
     Max         476     476    134                18416    18416    2750
     Sum        1903    1903    535                73661    73661   10993
 

     Subspace diagonalization in iterative solution of the eigenvalue problem:
     a serial algorithm will be used

     GIPAW projectors -----------------------------------------------
     atom=  Si   l=0  rc=    2.0000  rs=    1.3333
     atom=  Si   l=0  rc=    2.0000  rs=    1.3333
     atom=  Si   l=1  rc=    2.0000  rs=    1.3333
     atom=  Si   l=1  rc=    2.0000  rs=    1.3333
     atom=  Si   l=2  rc=    2.0000  rs=    1.3333
     atom=  Si   l=2  rc=    2.0000  rs=    1.3333
     projs nearly linearly dependent: l=1  n1,n2= 1, 2  s=  0.99854623
     projs nearly linearly dependent: l=2  n1,n2= 1, 2  s=  0.99998260
 
     atom=  O    l=0  rc=    1.4500  rs=    0.9667
     atom=  O    l=0  rc=    1.4500  rs=    0.9667
     atom=  O    l=1  rc=    1.4500  rs=    0.9667
     atom=  O    l=1  rc=    1.4500  rs=    0.9667
     projs nearly linearly dependent: l=1  n1,n2= 1, 2  s= -0.99382826
     -----------------------------------------------------------------
 
     GIPAW integrals: -------------------------------------------
     Atom  i/j   nmr_para   nmr_dia   epr_rmc  epr_para   epr_dia
       Si  1 1   0.12E+04  0.28E+00  0.91E+01  0.33E+05  0.89E+01
       Si  2 1  -0.12E+04 -0.22E+00 -0.93E+01 -0.33E+05 -0.87E+01
       Si  2 2   0.12E+04  0.12E+00  0.94E+01  0.34E+05  0.86E+01
       Si  3 3   0.14E+02  0.32E+00  0.78E+01  0.36E+03  0.89E+01
       Si  4 3   0.14E+02  0.31E+00  0.79E+01  0.36E+03  0.88E+01
       Si  4 4   0.14E+02  0.30E+00  0.79E+01  0.37E+03  0.88E+01
       Si  5 5   0.13E+00  0.19E-01  0.20E+00  0.40E+01  0.39E+00
       Si  6 5   0.13E+00  0.19E-01  0.20E+00  0.41E+01  0.40E+00
       Si  6 6   0.13E+00  0.20E-01  0.21E+00  0.42E+01  0.41E+00
       O   1 1   0.94E+03  0.22E+00  0.82E+01  0.16E+05  0.59E+01
       O   2 1  -0.11E+04 -0.25E+00 -0.99E+01 -0.19E+05 -0.75E+01
       O   2 2   0.13E+04  0.29E+00  0.12E+02  0.22E+05  0.97E+01
       O   3 3   0.43E+01  0.13E+00  0.12E+01  0.98E+02  0.24E+01
       O   4 3  -0.53E+01 -0.19E+00 -0.16E+01 -0.12E+03 -0.33E+01
       O   4 4   0.64E+01  0.26E+00  0.23E+01  0.14E+03  0.45E+01
     ------------------------------------------------------------
 
     alpha_pv=     38.3483 eV
 
     Number of occupied bands for each k-point:
     k-point:     1    nbnd_occ=  24
     k-point:     2    nbnd_occ=  24
     k-point:     3    nbnd_occ=  24
     k-point:     4    nbnd_occ=  24
     k-point:     5    nbnd_occ=  24
     k-point:     6    nbnd_occ=  24
     k-point:     7    nbnd_occ=  24
     k-point:     8    nbnd_occ=  24
     k-point:     9    nbnd_occ=  24
     k-point:    10    nbnd_occ=  24
     k-point:    11    nbnd_occ=  24
     k-point:    12    nbnd_occ=  24
     k-point:    13    nbnd_occ=  24
     k-point:    14    nbnd_occ=  24
     k-point:    15    nbnd_occ=  24
     k-point:    16    nbnd_occ=  24
     k-point:    17    nbnd_occ=  24
     k-point:    18    nbnd_occ=  24
     k-point:    19    nbnd_occ=  24
     k-point:    20    nbnd_occ=  24
 
 
     q-space interpolation up to    88.00 Rydberg
 
     GIPAW job: efg                                                                             
 
 
     ELECTRIC FIELD GRADIENTS TENSORS IN Hartree/bohrradius^2:
 
     ----- bare term -----
     Si   1       -0.016453       -0.048556        0.013048
     Si   1       -0.048556        0.039432        0.007465
     Si   1        0.013048        0.007465       -0.022979
 
     Si   2       -0.016577        0.048473       -0.012965
     Si   2        0.048473        0.039593        0.007554
     Si   2       -0.012965        0.007554       -0.023016
 
     Si   3        0.067526        0.000046       -0.000025
     Si   3        0.000046       -0.044527       -0.015016
     Si   3       -0.000025       -0.015016       -0.022999
 
     O    4        0.043043       -0.077507        0.060484
     O    4       -0.077507       -0.040388        0.069813
     O    4        0.060484        0.069813       -0.002655
 
     O    5       -0.086366        0.002366       -0.089146
     O    5        0.002366        0.088897        0.016699
     O    5       -0.089146        0.016699       -0.002531
 
     O    6        0.047742        0.075342        0.030780
     O    6        0.075342       -0.044633       -0.086776
     O    6        0.030780       -0.086776       -0.003108
 
     O    7        0.034704        0.076310       -0.053926
     O    7        0.076310       -0.036266        0.069901
     O    7       -0.053926        0.069901        0.001561
 
     O    8       -0.084948       -0.007664        0.089057
     O    8       -0.007664        0.083505        0.012520
     O    8        0.089057        0.012520        0.001444
 
     O    9        0.047381       -0.068446       -0.033018
     O    9       -0.068446       -0.049394       -0.082157
     O    9       -0.033018       -0.082157        0.002012
 
     ----- ionic term -----
     Si   1        0.013316        0.040669       -0.011879
     Si   1        0.040669       -0.033651       -0.006858
     Si   1       -0.011879       -0.006858        0.020336
 
     Si   2        0.013316       -0.040669        0.011879
     Si   2       -0.040669       -0.033651       -0.006858
     Si   2        0.011879       -0.006858        0.020336
 
     Si   3       -0.057134       -0.000000        0.000000
     Si   3       -0.000000        0.036798        0.013714
     Si   3        0.000000        0.013714        0.020336
 
     O    4       -0.141456        0.279815       -0.289692
     O    4        0.279815        0.134902       -0.327260
     O    4       -0.289692       -0.327260        0.006554
 
     O    5        0.308142       -0.020241        0.428262
     O    5       -0.020241       -0.314696       -0.087251
     O    5        0.428262       -0.087251        0.006553
 
     O    6       -0.176515       -0.259574       -0.138569
     O    6       -0.259574        0.169962        0.414510
     O    6       -0.138569        0.414510        0.006553
 
     O    7       -0.141456       -0.279815        0.289692
     O    7       -0.279815        0.134902       -0.327260
     O    7        0.289692       -0.327260        0.006554
 
     O    8        0.308142        0.020241       -0.428262
     O    8        0.020241       -0.314696       -0.087251
     O    8       -0.428262       -0.087251        0.006553
 
     O    9       -0.176515        0.259574        0.138569
     O    9        0.259574        0.169962        0.414510
     O    9        0.138569        0.414510        0.006553
 
     ----- GIPAW term -----
     Si   1       -0.023977       -0.052979        0.015139
     Si   1       -0.052979        0.038614        0.003236
     Si   1        0.015139        0.003236       -0.014638
 
     Si   2       -0.023142        0.054413       -0.010233
     Si   2        0.054413        0.038306        0.011411
     Si   2       -0.010233        0.011411       -0.015164
 
     Si   3        0.069465       -0.001010       -0.004863
     Si   3       -0.001010       -0.054561       -0.014645
     Si   3       -0.004863       -0.014645       -0.014904
 
     O    4       -0.090059        0.189085       -0.211324
     O    4        0.189085        0.085802       -0.239691
     O    4       -0.211324       -0.239691        0.004258
 
     O    5        0.205848       -0.018584        0.314496
     O    5       -0.018584       -0.210213       -0.063802
     O    5        0.314496       -0.063802        0.004365
 
     O    6       -0.121776       -0.170308       -0.101486
     O    6       -0.170308        0.117904        0.303267
     O    6       -0.101486        0.303267        0.003872
 
     O    7       -0.097090       -0.190094        0.216781
     O    7       -0.190094        0.089280       -0.239531
     O    7        0.216781       -0.239531        0.007811
 
     O    8        0.207032        0.014162       -0.314574
     O    8        0.014162       -0.214742       -0.067345
     O    8       -0.314574       -0.067345        0.007709
 
     O    9       -0.122088        0.176123        0.099472
     O    9        0.176123        0.113894        0.307098
     O    9        0.099472        0.307098        0.008194
 
     ----- total EFG -----
     Si   1       -0.027113       -0.060865        0.016307
     Si   1       -0.060865        0.044395        0.003842
     Si   1        0.016307        0.003842       -0.017282
 
     Si   2       -0.026403        0.062217       -0.011319
     Si   2        0.062217        0.044248        0.012106
     Si   2       -0.011319        0.012106       -0.017845
 
     Si   3        0.079857       -0.000964       -0.004888
     Si   3       -0.000964       -0.062289       -0.015946
     Si   3       -0.004888       -0.015946       -0.017567
 
     O    4       -0.188472        0.391393       -0.440532
     O    4        0.391393        0.180316       -0.497138
     O    4       -0.440532       -0.497138        0.008156
 
     O    5        0.427624       -0.036458        0.653612
     O    5       -0.036458       -0.436012       -0.134354
     O    5        0.653612       -0.134354        0.008387
 
     O    6       -0.250549       -0.354540       -0.209275
     O    6       -0.354540        0.243232        0.631001
     O    6       -0.209275        0.631001        0.007317
 
     O    7       -0.203842       -0.393599        0.452547
     O    7       -0.393599        0.187916       -0.496890
     O    7        0.452547       -0.496890        0.015926
 
     O    8        0.430226        0.026740       -0.653780
     O    8        0.026740       -0.445933       -0.142076
     O    8       -0.653780       -0.142076        0.015706
 
     O    9       -0.251222        0.367251        0.205023
     O    9        0.367251        0.234462        0.639450
     O    9        0.205023        0.639450        0.016760
 
     ----- total EFG (symmetrized) -----
     Si   1       -0.026758       -0.061541        0.013813
     Si   1       -0.061541        0.044322        0.007974
     Si   1        0.013813        0.007974       -0.017563
 
     Si   2       -0.026758        0.061541       -0.013813
     Si   2        0.061541        0.044322        0.007974
     Si   2       -0.013813        0.007974       -0.017563
 
     Si   3        0.079857        0.000000        0.000000
     Si   3        0.000000       -0.062289       -0.015946
     Si   3        0.000000       -0.015946       -0.017567
 
     O    4       -0.196157        0.392496       -0.446539
     O    4        0.392496        0.184116       -0.497014
     O    4       -0.446539       -0.497014        0.012041
 
     O    5        0.428925       -0.031599        0.653696
     O    5       -0.031599       -0.440972       -0.138215
     O    5        0.653696       -0.138215        0.012047
 
     O    6       -0.250886       -0.360896       -0.207149
     O    6       -0.360896        0.238847        0.635226
     O    6       -0.207149        0.635226        0.012039
 
     O    7       -0.196157       -0.392496        0.446539
     O    7       -0.392496        0.184116       -0.497014
     O    7        0.446539       -0.497014        0.012041
 
     O    8        0.428925        0.031599       -0.653696
     O    8        0.031599       -0.440972       -0.138215
     O    8       -0.653696       -0.138215        0.012047
 
     O    9       -0.250886        0.360896        0.207149
     O    9        0.360896        0.238847        0.635226
     O    9        0.207149        0.635226        0.012039
 
 
     NQR/NMR SPECTROSCOPIC PARAMETERS:
     Si   1    Vxx=   -0.0125    axis=(  0.264031  0.152414  0.952396)
     Si   1    Vyy=   -0.0674    axis=(  0.824825  0.476152 -0.304864)
     Si   1    Vzz=    0.0798    axis=( -0.499951  0.866054  0.000004)
     Si   1  Q=         1.0000 1e-30 m^2  Cq=         0.1876 MHz  eta= 0.68796
 
     Si   2    Vxx=   -0.0125    axis=( -0.264031  0.152414  0.952396)
     Si   2    Vyy=   -0.0674    axis=( -0.824825  0.476152 -0.304864)
     Si   2    Vzz=    0.0798    axis=( -0.499951 -0.866054 -0.000004)
     Si   2  Q=         1.0000 1e-30 m^2  Cq=         0.1876 MHz  eta= 0.68796
 
     Si   3    Vxx=   -0.0125    axis=(  0.000000  0.304807 -0.952414)
     Si   3    Vyy=   -0.0674    axis=(  0.000000 -0.952414 -0.304807)
     Si   3    Vzz=    0.0799    axis=(  1.000000  0.000000  0.000000)
     Si   3  Q=         1.0000 1e-30 m^2  Cq=         0.1876 MHz  eta= 0.68784
 
     O    4    Vxx=   -0.3645    axis=(  0.411996 -0.755789 -0.508962)
     O    4    Vyy=   -0.5506    axis=(  0.781021  0.005212  0.624483)
     O    4    Vzz=    0.9151    axis=(  0.469325  0.654794 -0.592434)
     O    4  Q=         2.5500 1e-30 m^2  Cq=         5.4829 MHz  eta= 0.20330
 
     O    5    Vxx=   -0.3645    axis=(  0.448515  0.734754 -0.508892)
     O    5    Vyy=   -0.5506    axis=( -0.395066  0.673710  0.624530)
     O    5    Vzz=    0.9151    axis=( -0.801721  0.079065 -0.592445)
     O    5  Q=         2.5500 1e-30 m^2  Cq=         5.4828 MHz  eta= 0.20329
 
     O    6    Vxx=   -0.3645    axis=(  0.860538 -0.021103  0.508950)
     O    6    Vyy=   -0.5506    axis=( -0.385997 -0.678980  0.624494)
     O    6    Vzz=    0.9151    axis=( -0.332388  0.733853  0.592433)
     O    6  Q=         2.5500 1e-30 m^2  Cq=         5.4829 MHz  eta= 0.20328
 
     O    7    Vxx=   -0.3645    axis=(  0.411996  0.755789  0.508962)
     O    7    Vyy=   -0.5506    axis=(  0.781021 -0.005212 -0.624483)
     O    7    Vzz=    0.9151    axis=(  0.469325 -0.654794  0.592434)
     O    7  Q=         2.5500 1e-30 m^2  Cq=         5.4829 MHz  eta= 0.20330
 
     O    8    Vxx=   -0.3645    axis=(  0.448515 -0.734754  0.508892)
     O    8    Vyy=   -0.5506    axis=( -0.395066 -0.673710 -0.624530)
     O    8    Vzz=    0.9151    axis=( -0.801721 -0.079065  0.592445)
     O    8  Q=         2.5500 1e-30 m^2  Cq=         5.4828 MHz  eta= 0.20329
 
     O    9    Vxx=   -0.3645    axis=(  0.860538  0.021103 -0.508950)
     O    9    Vyy=   -0.5506    axis=( -0.385997  0.678980 -0.624494)
     O    9    Vzz=    0.9151    axis=( -0.332388 -0.733853 -0.592433)
     O    9  Q=         2.5500 1e-30 m^2  Cq=         5.4829 MHz  eta= 0.20328
 
     Initialization:
     gipaw_setup  :      0.08s CPU      0.08s WALL (       1 calls)
 
     Linear response
 
     Apply operators
 
     Induced current
 
     Other routines
     efg          :      0.42s CPU      0.44s WALL (       1 calls)
 
     General routines
     calbec       :      0.04s CPU      0.04s WALL (      20 calls)
     fft          :      0.01s CPU      0.01s WALL (      12 calls)
     ffts         :      0.00s CPU      0.00s WALL (       1 calls)
     fftw         :      0.18s CPU      0.19s WALL (     480 calls)
     davcio       :      0.01s CPU      0.02s WALL (      60 calls)
 
     Parallel routines
 
     Plugins
 
 
     GIPAW        :      0.71s CPU      0.76s WALL

 
   This run was terminated on:  13:36:18  29May2019            

=------------------------------------------------------------------------------=
   JOB DONE.
=------------------------------------------------------------------------------=
