
     Program GIPAW v.6.5 starts on 17Dec2019 at 13:44: 4 

     This program is part of the open-source Quantum ESPRESSO suite
     for quantum simulation of materials; please cite
         "P. Giannozzi et al., J. Phys.:Condens. Matter 21 395502 (2009);
         "P. Giannozzi et al., J. Phys.:Condens. Matter 29 465901 (2017);
          URL http://www.quantum-espresso.org", 
     in publications or presentations arising from this work. More details at
     http://www.quantum-espresso.org/quote

     Parallel version (MPI), running on     4 processors

     MPI processes distributed on     1 nodes
     R & G space division:  proc/nbgrp/npool/nimage =       4
 
     ***** This is GIPAW git revision 24301a1ad720afa1c55129bfbc59e288e8c86609 *****
     ***** you can cite: N. Varini et al., Comp. Phys. Comm. 184, 1827 (2013)  *****
     ***** in publications or presentations arising from this work.            *****
 
     Parallelizing q-star over 1 images

     Reading xml data from directory:

     /tmp/ceresoli/urea.save/

     IMPORTANT: XC functional enforced from input :
     Exchange-correlation= PBE
                           (   1   4   3   4   0   0   0)
     Any further DFT definition will be discarded
     Please, verify this is what you really want

 
     Parallelization info
     --------------------
     sticks:   dense  smooth     PW     G-vecs:    dense   smooth      PW
     Min         822     822    220                29358    29358    4119
     Max         823     823    222                29361    29361    4120
     Sum        3289    3289    885               117437   117437   16479
 
     Reading collected, re-writing distributed wavefunctions

     Subspace diagonalization in iterative solution of the eigenvalue problem:
     one sub-group per k-point group (pool) will be used
     scalapack distributed-memory algorithm (size of sub-group:  2*  2 procs)

     GIPAW projectors -----------------------------------------------
     atom=  C    l=0  rc=    1.7500  rs=    1.1667
     atom=  C    l=0  rc=    1.7500  rs=    1.1667
     atom=  C    l=1  rc=    1.7500  rs=    1.1667
     atom=  C    l=1  rc=    1.7500  rs=    1.1667
     projs nearly linearly dependent: l=1  n1,n2= 1, 2  s= -0.99430547
 
     atom=  O    l=0  rc=    1.7500  rs=    1.1667
     atom=  O    l=0  rc=    1.7500  rs=    1.1667
     atom=  O    l=1  rc=    1.7500  rs=    1.1667
     atom=  O    l=1  rc=    1.7500  rs=    1.1667
     projs nearly linearly dependent: l=1  n1,n2= 1, 2  s= -0.99430547
 
     atom=  N    l=0  rc=    1.5000  rs=    1.0000
     atom=  N    l=0  rc=    1.5000  rs=    1.0000
     atom=  N    l=1  rc=    1.5000  rs=    1.0000
     atom=  N    l=1  rc=    1.5000  rs=    1.0000
     projs nearly linearly dependent: l=1  n1,n2= 1, 2  s= -0.99478590
 
     atom=  H    l=0  rc=    1.2000  rs=    0.8000
     atom=  H    l=0  rc=    1.2000  rs=    0.8000
     projs nearly linearly dependent: l=0  n1,n2= 1, 2  s= -0.99707079
     -----------------------------------------------------------------
 
     GIPAW integrals: -------------------------------------------
     Atom  i/j   nmr_para   nmr_dia   epr_rmc  epr_para   epr_dia
       C   1 1   0.44E+03  0.21E+00  0.50E+01  0.54E+04  0.35E+01
       C   2 1  -0.50E+03 -0.22E+00 -0.58E+01 -0.62E+04 -0.42E+01
       C   2 2   0.58E+03  0.23E+00  0.68E+01  0.72E+04  0.50E+01
       C   3 3   0.15E+01  0.70E-01  0.47E+00  0.26E+02  0.95E+00
       C   4 3  -0.18E+01 -0.10E+00 -0.67E+00 -0.32E+02 -0.13E+01
       C   4 4   0.23E+01  0.15E+00  0.95E+00  0.38E+02  0.19E+01
       O   1 1   0.44E+03  0.21E+00  0.50E+01  0.54E+04  0.35E+01
       O   2 1  -0.50E+03 -0.22E+00 -0.58E+01 -0.62E+04 -0.42E+01
       O   2 2   0.58E+03  0.23E+00  0.68E+01  0.72E+04  0.50E+01
       O   3 3   0.15E+01  0.70E-01  0.47E+00  0.26E+02  0.95E+00
       O   4 3  -0.18E+01 -0.10E+00 -0.67E+00 -0.32E+02 -0.13E+01
       O   4 4   0.23E+01  0.15E+00  0.95E+00  0.38E+02  0.19E+01
       N   1 1   0.70E+03  0.24E+00  0.70E+01  0.10E+05  0.49E+01
       N   2 1  -0.81E+03 -0.26E+00 -0.81E+01 -0.12E+05 -0.57E+01
       N   2 2   0.93E+03  0.27E+00  0.94E+01  0.14E+05  0.69E+01
       N   3 3   0.26E+01  0.89E-01  0.73E+00  0.55E+02  0.15E+01
       N   4 3  -0.32E+01 -0.13E+00 -0.10E+01 -0.65E+02 -0.20E+01
       N   4 4   0.39E+01  0.18E+00  0.14E+01  0.77E+02  0.28E+01
       H   1 1   0.26E+02  0.66E-01  0.98E-01  0.15E+03  0.20E+00
       H   2 1  -0.30E+02 -0.85E-01 -0.13E+00 -0.17E+03 -0.26E+00
       H   2 2   0.35E+02  0.11E+00  0.18E+00  0.19E+03  0.36E+00
     ------------------------------------------------------------
 
     alpha_pv=     38.2967 eV
 
     Number of occupied bands for each k-point:
     k-point:     1    nbnd_occ=  22
     k-point:     2    nbnd_occ=  22
     k-point:     3    nbnd_occ=  22
     k-point:     4    nbnd_occ=  22
     k-point:     5    nbnd_occ=  22
     k-point:     6    nbnd_occ=  22
 
 
     q-space interpolation up to    99.00 Rydberg
 
     GIPAW job: nmr                                                                             
     NMR macroscopic correction: no
 
     Largest allocated arrays     est. size (Mb)     dimensions
        KS wavefunctions at k           1.23 Mb     (    3677,   22)
        KS wavefunctions at k+q         1.23 Mb     (    3677,   22)
        First-order wavefunctions      12.34 Mb     (    3677,   22, 10)
        Charge/spin density             0.55 Mb     (   72576,    1)
        Induced current                 4.98 Mb     (   72576,    3,3,1)
        Induced magnetic field          4.98 Mb     (   72576,    3,3,1)
        NL pseudopotentials             0.45 Mb     (    3677,    8)
        GIPAW NL terms                  4.49 Mb     (    3677,   80)
 
     Computing the magnetic susceptibility     isolve=0    ethr=  0.1000E-13
     Starting from scratch
     k-point #    1 of     6      pool #  1    cpu time:       0.5
     compute_u_kq: q = (    0.0000,    0.0000,    0.0000)
     Rotating WFCS
     ethr =  1.00E-14,  avg # of iterations = 11.0
     eigenvalues at k:
 -17.9848 -17.6519 -15.3638 -15.3638 -11.1436 -11.1042  -8.5481  -8.3854
  -7.2456  -6.7926  -6.7926  -6.3791  -5.6825  -5.6825  -3.5723  -3.5723
  -1.0170  -0.9295  -0.1189   0.3192   0.9157   0.9157
     eigenvalues at k+q:
 -17.9848 -17.6519 -15.3638 -15.3638 -11.1436 -11.1042  -8.5481  -8.3855
  -7.2456  -6.7926  -6.7926  -6.3791  -5.6825  -5.6825  -3.5723  -3.5723
  -1.0170  -0.9295  -0.1189   0.3192   0.9157   0.9157
     cgsolve_all iterations  27    anorm=    0.67E-07
     cgsolve_all iterations  27    anorm=    0.68E-07
     cgsolve_all iterations  25    anorm=    0.53E-07
     compute_u_kq: q = (    0.0170,    0.0000,    0.0000)
     Rotating WFCS
     ethr =  1.00E-14,  avg # of iterations = 23.0
     eigenvalues at k:
 -17.9848 -17.6519 -15.3638 -15.3638 -11.1436 -11.1042  -8.5481  -8.3854
  -7.2456  -6.7926  -6.7926  -6.3791  -5.6825  -5.6825  -3.5723  -3.5723
  -1.0170  -0.9295  -0.1189   0.3192   0.9157   0.9157
     eigenvalues at k+q:
 -17.9846 -17.6522 -15.3638 -15.3638 -11.1435 -11.1042  -8.5479  -8.3853
  -7.2461  -6.7926  -6.7925  -6.3815  -5.6814  -5.6804  -3.5727  -3.5727
  -1.0158  -0.9290  -0.1195   0.3184   0.9161   0.9161
     cgsolve_all iterations  30    anorm=    0.60E-07
     cgsolve_all iterations  29    anorm=    0.68E-07
     cgsolve_all iterations  31    anorm=    0.59E-07
     compute_u_kq: q = (   -0.0170,    0.0000,    0.0000)
     Rotating WFCS
     ethr =  1.00E-14,  avg # of iterations = 24.0
     eigenvalues at k:
 -17.9848 -17.6519 -15.3638 -15.3638 -11.1436 -11.1042  -8.5481  -8.3854
  -7.2456  -6.7926  -6.7926  -6.3791  -5.6825  -5.6825  -3.5723  -3.5723
  -1.0170  -0.9295  -0.1189   0.3192   0.9157   0.9157
     eigenvalues at k+q:
 -17.9846 -17.6522 -15.3638 -15.3638 -11.1435 -11.1042  -8.5479  -8.3853
  -7.2461  -6.7926  -6.7925  -6.3815  -5.6814  -5.6804  -3.5727  -3.5727
  -1.0158  -0.9290  -0.1195   0.3184   0.9161   0.9161
     cgsolve_all iterations  30    anorm=    0.60E-07
     cgsolve_all iterations  29    anorm=    0.68E-07
     cgsolve_all iterations  31    anorm=    0.59E-07
     compute_u_kq: q = (    0.0000,    0.0170,    0.0000)
     Rotating WFCS
     ethr =  1.00E-14,  avg # of iterations = 23.0
     eigenvalues at k:
 -17.9848 -17.6519 -15.3638 -15.3638 -11.1436 -11.1042  -8.5481  -8.3854
  -7.2456  -6.7926  -6.7926  -6.3791  -5.6825  -5.6825  -3.5723  -3.5723
  -1.0170  -0.9295  -0.1189   0.3192   0.9157   0.9157
     eigenvalues at k+q:
 -17.9846 -17.6522 -15.3638 -15.3638 -11.1435 -11.1042  -8.5479  -8.3853
  -7.2461  -6.7926  -6.7925  -6.3815  -5.6814  -5.6804  -3.5727  -3.5727
  -1.0158  -0.9290  -0.1195   0.3184   0.9161   0.9161
     cgsolve_all iterations  29    anorm=    0.68E-07
     cgsolve_all iterations  30    anorm=    0.60E-07
     cgsolve_all iterations  31    anorm=    0.59E-07
     compute_u_kq: q = (    0.0000,   -0.0170,    0.0000)
     Rotating WFCS
     ethr =  1.00E-14,  avg # of iterations = 23.0
     eigenvalues at k:
 -17.9848 -17.6519 -15.3638 -15.3638 -11.1436 -11.1042  -8.5481  -8.3854
  -7.2456  -6.7926  -6.7926  -6.3791  -5.6825  -5.6825  -3.5723  -3.5723
  -1.0170  -0.9295  -0.1189   0.3192   0.9157   0.9157
     eigenvalues at k+q:
 -17.9846 -17.6522 -15.3638 -15.3638 -11.1435 -11.1042  -8.5479  -8.3853
  -7.2461  -6.7926  -6.7925  -6.3815  -5.6814  -5.6804  -3.5727  -3.5727
  -1.0158  -0.9290  -0.1195   0.3184   0.9161   0.9161
     cgsolve_all iterations  29    anorm=    0.68E-07
     cgsolve_all iterations  30    anorm=    0.60E-07
     cgsolve_all iterations  31    anorm=    0.59E-07
     compute_u_kq: q = (    0.0000,    0.0000,    0.0170)
     Rotating WFCS
     ethr =  1.00E-14,  avg # of iterations = 30.0
     eigenvalues at k:
 -17.9848 -17.6519 -15.3638 -15.3638 -11.1436 -11.1042  -8.5481  -8.3854
  -7.2456  -6.7926  -6.7926  -6.3791  -5.6825  -5.6825  -3.5723  -3.5723
  -1.0170  -0.9295  -0.1189   0.3192   0.9157   0.9157
     eigenvalues at k+q:
 -17.9846 -17.6519 -15.3637 -15.3637 -11.1475 -11.1029  -8.5523  -8.3808
  -7.2426  -6.7932  -6.7932  -6.3773  -5.6824  -5.6824  -3.5723  -3.5723
  -1.0168  -0.9314  -0.1212   0.3190   0.9173   0.9173
     cgsolve_all iterations  27    anorm=    0.65E-07
     cgsolve_all iterations  27    anorm=    0.65E-07
     cgsolve_all iterations  25    anorm=    0.55E-07
     compute_u_kq: q = (    0.0000,    0.0000,   -0.0170)
     Rotating WFCS
     ethr =  1.00E-14,  avg # of iterations = 30.0
     eigenvalues at k:
 -17.9848 -17.6519 -15.3638 -15.3638 -11.1436 -11.1042  -8.5481  -8.3854
  -7.2456  -6.7926  -6.7926  -6.3791  -5.6825  -5.6825  -3.5723  -3.5723
  -1.0170  -0.9295  -0.1189   0.3192   0.9157   0.9157
     eigenvalues at k+q:
 -17.9846 -17.6519 -15.3637 -15.3637 -11.1475 -11.1029  -8.5523  -8.3808
  -7.2426  -6.7932  -6.7932  -6.3773  -5.6824  -5.6824  -3.5723  -3.5723
  -1.0168  -0.9314  -0.1212   0.3190   0.9173   0.9173
     cgsolve_all iterations  27    anorm=    0.65E-07
     cgsolve_all iterations  27    anorm=    0.62E-07
     cgsolve_all iterations  25    anorm=    0.55E-07
 
     k-point #    2 of     6      pool #  1    cpu time:      69.0
     compute_u_kq: q = (    0.0000,    0.0000,    0.0000)
     Rotating WFCS
     ethr =  1.00E-14,  avg # of iterations = 11.0
     eigenvalues at k:
 -17.8997 -17.6471 -15.3406 -15.3406 -11.6849 -11.4441  -8.7774  -8.0431
  -7.0249  -7.0249  -6.0448  -5.6287  -5.6269  -5.6269  -3.5836  -3.5836
  -1.6600  -1.1065  -0.9221   0.2547   1.1636   1.1636
     eigenvalues at k+q:
 -17.8997 -17.6471 -15.3406 -15.3406 -11.6849 -11.4441  -8.7774  -8.0431
  -7.0249  -7.0249  -6.0448  -5.6287  -5.6269  -5.6269  -3.5836  -3.5836
  -1.6600  -1.1065  -0.9221   0.2547   1.1636   1.1636
     cgsolve_all iterations  27    anorm=    0.59E-07
     cgsolve_all iterations  27    anorm=    0.60E-07
     cgsolve_all iterations  27    anorm=    0.58E-07
     compute_u_kq: q = (    0.0170,    0.0000,    0.0000)
     Rotating WFCS
     ethr =  1.00E-14,  avg # of iterations = 24.0
     eigenvalues at k:
 -17.8997 -17.6471 -15.3406 -15.3406 -11.6849 -11.4441  -8.7774  -8.0431
  -7.0249  -7.0249  -6.0448  -5.6287  -5.6269  -5.6269  -3.5836  -3.5836
  -1.6600  -1.1065  -0.9221   0.2547   1.1636   1.1636
     eigenvalues at k+q:
 -17.8995 -17.6473 -15.3407 -15.3407 -11.6847 -11.4443  -8.7770  -8.0438
  -7.0249  -7.0249  -6.0453  -5.6483  -5.6259  -5.6074  -3.5839  -3.5838
  -1.6593  -1.1066  -0.9210   0.2541   1.1634   1.1634
     cgsolve_all iterations  30    anorm=    0.71E-07
     cgsolve_all iterations  30    anorm=    0.70E-07
     cgsolve_all iterations  34    anorm=    0.66E-07
     compute_u_kq: q = (   -0.0170,    0.0000,    0.0000)
     Rotating WFCS
     ethr =  1.00E-14,  avg # of iterations = 22.0
     eigenvalues at k:
 -17.8997 -17.6471 -15.3406 -15.3406 -11.6849 -11.4441  -8.7774  -8.0431
  -7.0249  -7.0249  -6.0448  -5.6287  -5.6269  -5.6269  -3.5836  -3.5836
  -1.6600  -1.1065  -0.9221   0.2547   1.1636   1.1636
     eigenvalues at k+q:
 -17.8995 -17.6473 -15.3407 -15.3407 -11.6847 -11.4443  -8.7770  -8.0438
  -7.0249  -7.0249  -6.0453  -5.6483  -5.6259  -5.6074  -3.5839  -3.5838
  -1.6593  -1.1066  -0.9210   0.2541   1.1634   1.1634
     cgsolve_all iterations  30    anorm=    0.71E-07
     cgsolve_all iterations  30    anorm=    0.70E-07
     cgsolve_all iterations  34    anorm=    0.66E-07
     compute_u_kq: q = (    0.0000,    0.0170,    0.0000)
     Rotating WFCS
     ethr =  1.00E-14,  avg # of iterations = 25.0
     eigenvalues at k:
 -17.8997 -17.6471 -15.3406 -15.3406 -11.6849 -11.4441  -8.7774  -8.0431
  -7.0249  -7.0249  -6.0448  -5.6287  -5.6269  -5.6269  -3.5836  -3.5836
  -1.6600  -1.1065  -0.9221   0.2547   1.1636   1.1636
     eigenvalues at k+q:
 -17.8995 -17.6473 -15.3407 -15.3407 -11.6847 -11.4443  -8.7770  -8.0438
  -7.0249  -7.0249  -6.0453  -5.6483  -5.6259  -5.6074  -3.5839  -3.5838
  -1.6593  -1.1066  -0.9210   0.2541   1.1634   1.1634
     cgsolve_all iterations  30    anorm=    0.70E-07
     cgsolve_all iterations  30    anorm=    0.71E-07
     cgsolve_all iterations  34    anorm=    0.66E-07
     compute_u_kq: q = (    0.0000,   -0.0170,    0.0000)
     Rotating WFCS
     ethr =  1.00E-14,  avg # of iterations = 24.0
     eigenvalues at k:
 -17.8997 -17.6471 -15.3406 -15.3406 -11.6849 -11.4441  -8.7774  -8.0431
  -7.0249  -7.0249  -6.0448  -5.6287  -5.6269  -5.6269  -3.5836  -3.5836
  -1.6600  -1.1065  -0.9221   0.2547   1.1636   1.1636
     eigenvalues at k+q:
 -17.8995 -17.6473 -15.3407 -15.3407 -11.6847 -11.4443  -8.7770  -8.0438
  -7.0249  -7.0249  -6.0453  -5.6483  -5.6259  -5.6074  -3.5839  -3.5838
  -1.6593  -1.1066  -0.9210   0.2541   1.1634   1.1634
     cgsolve_all iterations  30    anorm=    0.70E-07
     cgsolve_all iterations  30    anorm=    0.71E-07
     cgsolve_all iterations  34    anorm=    0.66E-07
     compute_u_kq: q = (    0.0000,    0.0000,    0.0170)
     Rotating WFCS
     ethr =  1.00E-14,  avg # of iterations = 34.0
     eigenvalues at k:
 -17.8997 -17.6471 -15.3406 -15.3406 -11.6849 -11.4441  -8.7774  -8.0431
  -7.0249  -7.0249  -6.0448  -5.6287  -5.6269  -5.6269  -3.5836  -3.5836
  -1.6600  -1.1065  -0.9221   0.2547   1.1636   1.1636
     eigenvalues at k+q:
 -17.8949 -17.6473 -15.3395 -15.3395 -11.7042 -11.4641  -8.7788  -8.0373
  -7.0361  -7.0361  -5.9760  -5.6235  -5.6235  -5.5897  -3.5849  -3.5849
  -1.6978  -1.1666  -0.9170   0.2511   1.1576   1.1576
     cgsolve_all iterations  27    anorm=    0.59E-07
     cgsolve_all iterations  27    anorm=    0.59E-07
     cgsolve_all iterations  27    anorm=    0.56E-07
     compute_u_kq: q = (    0.0000,    0.0000,   -0.0170)
     Rotating WFCS
     ethr =  1.00E-14,  avg # of iterations = 34.0
     eigenvalues at k:
 -17.8997 -17.6471 -15.3406 -15.3406 -11.6849 -11.4441  -8.7774  -8.0431
  -7.0249  -7.0249  -6.0448  -5.6287  -5.6269  -5.6269  -3.5836  -3.5836
  -1.6600  -1.1065  -0.9221   0.2547   1.1636   1.1636
     eigenvalues at k+q:
 -17.9047 -17.6469 -15.3419 -15.3419 -11.6642 -11.4230  -8.7757  -8.0495
  -7.0131  -7.0131  -6.1152  -5.6702  -5.6303  -5.6303  -3.5823  -3.5823
  -1.6200  -1.0450  -0.9274   0.2584   1.1688   1.1688
     cgsolve_all iterations  27    anorm=    0.60E-07
     cgsolve_all iterations  27    anorm=    0.58E-07
     cgsolve_all iterations  27    anorm=    0.60E-07
 
     k-point #    3 of     6      pool #  1    cpu time:     123.4
     compute_u_kq: q = (    0.0000,    0.0000,    0.0000)
     Rotating WFCS
     ethr =  1.00E-14,  avg # of iterations =  5.0
     eigenvalues at k:
 -17.9042 -17.7378 -15.3636 -15.3633 -11.1307 -11.1103  -8.4753  -8.3617
  -7.3104  -6.9182  -6.7795  -6.7624  -5.4029  -5.3413  -3.6848  -3.6828
  -0.7343  -0.6310  -0.3330   0.0279   1.0172   1.0217
     eigenvalues at k+q:
 -17.9042 -17.7378 -15.3636 -15.3633 -11.1307 -11.1104  -8.4753  -8.3617
  -7.3104  -6.9182  -6.7795  -6.7624  -5.4029  -5.3413  -3.6848  -3.6828
  -0.7343  -0.6310  -0.3330   0.0279   1.0172   1.0217
     cgsolve_all iterations  29    anorm=    0.66E-07
     cgsolve_all iterations  29    anorm=    0.65E-07
     cgsolve_all iterations  28    anorm=    0.64E-07
     compute_u_kq: q = (    0.0170,    0.0000,    0.0000)
     Rotating WFCS
     ethr =  1.00E-14,  avg # of iterations = 34.0
     eigenvalues at k:
 -17.9042 -17.7378 -15.3636 -15.3633 -11.1307 -11.1103  -8.4753  -8.3617
  -7.3104  -6.9182  -6.7795  -6.7624  -5.4029  -5.3413  -3.6848  -3.6828
  -0.7343  -0.6310  -0.3330   0.0279   1.0172   1.0217
     eigenvalues at k+q:
 -17.9041 -17.7379 -15.3639 -15.3631 -11.1307 -11.1104  -8.4756  -8.3618
  -7.3101  -6.9173  -6.7796  -6.7622  -5.4076  -5.3377  -3.6879  -3.6798
  -0.7340  -0.6302  -0.3332   0.0279   1.0166   1.0222
     cgsolve_all iterations  36    anorm=    0.67E-07
     cgsolve_all iterations  35    anorm=    0.69E-07
     cgsolve_all iterations  35    anorm=    0.70E-07
     compute_u_kq: q = (   -0.0170,    0.0000,    0.0000)
     Rotating WFCS
     ethr =  1.00E-14,  avg # of iterations = 34.0
     eigenvalues at k:
 -17.9042 -17.7378 -15.3636 -15.3633 -11.1307 -11.1103  -8.4753  -8.3617
  -7.3104  -6.9182  -6.7795  -6.7624  -5.4029  -5.3413  -3.6848  -3.6828
  -0.7343  -0.6310  -0.3330   0.0279   1.0172   1.0217
     eigenvalues at k+q:
 -17.9041 -17.7379 -15.3639 -15.3630 -11.1307 -11.1104  -8.4756  -8.3618
  -7.3101  -6.9173  -6.7796  -6.7622  -5.4076  -5.3377  -3.6879  -3.6798
  -0.7340  -0.6302  -0.3332   0.0279   1.0166   1.0222
     cgsolve_all iterations  36    anorm=    0.67E-07
     cgsolve_all iterations  35    anorm=    0.69E-07
     cgsolve_all iterations  35    anorm=    0.70E-07
     compute_u_kq: q = (    0.0000,    0.0170,    0.0000)
     Rotating WFCS
     ethr =  1.00E-14,  avg # of iterations = 35.0
     eigenvalues at k:
 -17.9042 -17.7378 -15.3636 -15.3633 -11.1307 -11.1103  -8.4753  -8.3617
  -7.3104  -6.9182  -6.7795  -6.7624  -5.4029  -5.3413  -3.6848  -3.6828
  -0.7343  -0.6310  -0.3330   0.0279   1.0172   1.0217
     eigenvalues at k+q:
 -17.8966 -17.7458 -15.3636 -15.3633 -11.1296 -11.1111  -8.4683  -8.3634
  -7.3054  -6.9478  -6.7786  -6.7650  -5.3851  -5.3276  -3.6918  -3.6900
  -0.7158  -0.5971  -0.3523  -0.0004   1.0243   1.0288
     cgsolve_all iterations  29    anorm=    0.67E-07
     cgsolve_all iterations  29    anorm=    0.65E-07
     cgsolve_all iterations  28    anorm=    0.64E-07
     compute_u_kq: q = (    0.0000,   -0.0170,    0.0000)
     Rotating WFCS
     ethr =  1.00E-14,  avg # of iterations = 34.0
     eigenvalues at k:
 -17.9042 -17.7378 -15.3636 -15.3633 -11.1307 -11.1103  -8.4753  -8.3617
  -7.3104  -6.9182  -6.7795  -6.7624  -5.4029  -5.3413  -3.6848  -3.6828
  -0.7343  -0.6310  -0.3330   0.0279   1.0172   1.0217
     eigenvalues at k+q:
 -17.9116 -17.7300 -15.3636 -15.3633 -11.1318 -11.1097  -8.4821  -8.3607
  -7.3136  -6.8895  -6.7803  -6.7583  -5.4214  -5.3567  -3.6774  -3.6752
  -0.7522  -0.6644  -0.3142   0.0551   1.0099   1.0144
     cgsolve_all iterations  28    anorm=    0.67E-07
     cgsolve_all iterations  29    anorm=    0.67E-07
     cgsolve_all iterations  28    anorm=    0.63E-07
     compute_u_kq: q = (    0.0000,    0.0000,    0.0170)
     Rotating WFCS
     ethr =  1.00E-14,  avg # of iterations = 32.0
     eigenvalues at k:
 -17.9042 -17.7378 -15.3636 -15.3633 -11.1307 -11.1103  -8.4753  -8.3617
  -7.3104  -6.9182  -6.7795  -6.7624  -5.4029  -5.3413  -3.6848  -3.6828
  -0.7343  -0.6310  -0.3330   0.0279   1.0172   1.0217
     eigenvalues at k+q:
 -17.9041 -17.7377 -15.3635 -15.3633 -11.1333 -11.1104  -8.4772  -8.3603
  -7.3071  -6.9161  -6.7801  -6.7627  -5.4029  -5.3412  -3.6850  -3.6825
  -0.7361  -0.6308  -0.3349   0.0280   1.0188   1.0237
     cgsolve_all iterations  34    anorm=    0.66E-07
     cgsolve_all iterations  34    anorm=    0.66E-07
     cgsolve_all iterations  33    anorm=    0.66E-07
     compute_u_kq: q = (    0.0000,    0.0000,   -0.0170)
     Rotating WFCS
     ethr =  1.00E-14,  avg # of iterations = 32.0
     eigenvalues at k:
 -17.9042 -17.7378 -15.3636 -15.3633 -11.1307 -11.1103  -8.4753  -8.3617
  -7.3104  -6.9182  -6.7795  -6.7624  -5.4029  -5.3413  -3.6848  -3.6828
  -0.7343  -0.6310  -0.3330   0.0279   1.0172   1.0217
     eigenvalues at k+q:
 -17.9041 -17.7377 -15.3635 -15.3633 -11.1333 -11.1104  -8.4772  -8.3603
  -7.3071  -6.9161  -6.7801  -6.7627  -5.4029  -5.3412  -3.6850  -3.6825
  -0.7361  -0.6308  -0.3349   0.0280   1.0188   1.0237
     cgsolve_all iterations  34    anorm=    0.66E-07
     cgsolve_all iterations  34    anorm=    0.66E-07
     cgsolve_all iterations  33    anorm=    0.66E-07
 
     k-point #    4 of     6      pool #  1    cpu time:     184.6
     compute_u_kq: q = (    0.0000,    0.0000,    0.0000)
     Rotating WFCS
     ethr =  1.00E-14,  avg # of iterations = 11.0
     eigenvalues at k:
 -17.8358 -17.7092 -15.3464 -15.3457 -11.6192 -11.4974  -8.6305  -8.2643
  -7.0185  -7.0170  -6.1172  -5.9843  -5.4058  -5.3204  -3.6529  -3.6350
  -1.4553  -1.1789  -0.5714   0.0206   1.1145   1.1257
     eigenvalues at k+q:
 -17.8358 -17.7092 -15.3464 -15.3457 -11.6192 -11.4974  -8.6305  -8.2643
  -7.0185  -7.0170  -6.1172  -5.9843  -5.4058  -5.3204  -3.6529  -3.6350
  -1.4553  -1.1789  -0.5714   0.0205   1.1144   1.1257
     cgsolve_all iterations  36    anorm=    0.78E-07
     cgsolve_all iterations  37    anorm=    0.75E-07
     cgsolve_all iterations  36    anorm=    0.74E-07
     compute_u_kq: q = (    0.0170,    0.0000,    0.0000)
     Rotating WFCS
     ethr =  1.00E-14,  avg # of iterations = 31.0
     eigenvalues at k:
 -17.8358 -17.7092 -15.3464 -15.3457 -11.6192 -11.4974  -8.6305  -8.2643
  -7.0185  -7.0170  -6.1172  -5.9843  -5.4058  -5.3204  -3.6529  -3.6350
  -1.4553  -1.1789  -0.5714   0.0206   1.1145   1.1257
     eigenvalues at k+q:
 -17.8357 -17.7093 -15.3465 -15.3457 -11.6192 -11.4975  -8.6301  -8.2644
  -7.0193  -7.0163  -6.1171  -5.9836  -5.4078  -5.3193  -3.6531  -3.6350
  -1.4552  -1.1792  -0.5706   0.0206   1.1126   1.1274
     cgsolve_all iterations  36    anorm=    0.78E-07
     cgsolve_all iterations  37    anorm=    0.75E-07
     cgsolve_all iterations  36    anorm=    0.74E-07
     compute_u_kq: q = (   -0.0170,    0.0000,    0.0000)
     Rotating WFCS
     ethr =  1.00E-14,  avg # of iterations = 31.0
     eigenvalues at k:
 -17.8358 -17.7092 -15.3464 -15.3457 -11.6192 -11.4974  -8.6305  -8.2643
  -7.0185  -7.0170  -6.1172  -5.9843  -5.4058  -5.3204  -3.6529  -3.6350
  -1.4553  -1.1789  -0.5714   0.0206   1.1145   1.1257
     eigenvalues at k+q:
 -17.8357 -17.7093 -15.3465 -15.3457 -11.6192 -11.4975  -8.6301  -8.2644
  -7.0193  -7.0163  -6.1171  -5.9836  -5.4078  -5.3193  -3.6531  -3.6350
  -1.4552  -1.1792  -0.5706   0.0206   1.1126   1.1274
     cgsolve_all iterations  36    anorm=    0.78E-07
     cgsolve_all iterations  37    anorm=    0.75E-07
     cgsolve_all iterations  36    anorm=    0.74E-07
     compute_u_kq: q = (    0.0000,    0.0170,    0.0000)
     Rotating WFCS
     ethr =  1.00E-14,  avg # of iterations = 31.0
     eigenvalues at k:
 -17.8358 -17.7092 -15.3464 -15.3457 -11.6192 -11.4974  -8.6305  -8.2643
  -7.0185  -7.0170  -6.1172  -5.9843  -5.4058  -5.3204  -3.6529  -3.6350
  -1.4553  -1.1789  -0.5714   0.0206   1.1145   1.1257
     eigenvalues at k+q:
 -17.8298 -17.7151 -15.3467 -15.3460 -11.6132 -11.5027  -8.6154  -8.2837
  -7.0181  -7.0166  -6.1174  -5.9977  -5.3926  -5.3139  -3.6560  -3.6389
  -1.4383  -1.1879  -0.5403  -0.0040   1.1118   1.1226
     cgsolve_all iterations  36    anorm=    0.77E-07
     cgsolve_all iterations  37    anorm=    0.76E-07
     cgsolve_all iterations  36    anorm=    0.73E-07
     compute_u_kq: q = (    0.0000,   -0.0170,    0.0000)
     Rotating WFCS
     ethr =  1.00E-14,  avg # of iterations = 31.0
     eigenvalues at k:
 -17.8358 -17.7092 -15.3464 -15.3457 -11.6192 -11.4974  -8.6305  -8.2643
  -7.0185  -7.0170  -6.1172  -5.9843  -5.4058  -5.3204  -3.6529  -3.6350
  -1.4553  -1.1789  -0.5714   0.0206   1.1145   1.1257
     eigenvalues at k+q:
 -17.8416 -17.7035 -15.3461 -15.3453 -11.6251 -11.4923  -8.6449  -8.2452
  -7.0190  -7.0174  -6.1162  -5.9702  -5.4195  -5.3281  -3.6494  -3.6312
  -1.4721  -1.1706  -0.6018   0.0440   1.1173   1.1288
     cgsolve_all iterations  36    anorm=    0.76E-07
     cgsolve_all iterations  37    anorm=    0.75E-07
     cgsolve_all iterations  36    anorm=    0.71E-07
     compute_u_kq: q = (    0.0000,    0.0000,    0.0170)
     Rotating WFCS
     ethr =  1.00E-14,  avg # of iterations = 32.0
     eigenvalues at k:
 -17.8358 -17.7092 -15.3464 -15.3457 -11.6192 -11.4974  -8.6305  -8.2643
  -7.0185  -7.0170  -6.1172  -5.9843  -5.4058  -5.3204  -3.6529  -3.6350
  -1.4553  -1.1789  -0.5714   0.0206   1.1145   1.1257
     eigenvalues at k+q:
 -17.8321 -17.7080 -15.3456 -15.3448 -11.6384 -11.5168  -8.6321  -8.2627
  -7.0296  -7.0281  -6.0535  -5.9363  -5.4070  -5.3215  -3.6488  -3.6321
  -1.4959  -1.2312  -0.5686   0.0192   1.0980   1.1087
     cgsolve_all iterations  36    anorm=    0.75E-07
     cgsolve_all iterations  36    anorm=    0.77E-07
     cgsolve_all iterations  36    anorm=    0.73E-07
     compute_u_kq: q = (    0.0000,    0.0000,   -0.0170)
     Rotating WFCS
     ethr =  1.00E-14,  avg # of iterations = 33.0
     eigenvalues at k:
 -17.8358 -17.7092 -15.3464 -15.3457 -11.6192 -11.4974  -8.6305  -8.2643
  -7.0185  -7.0170  -6.1172  -5.9843  -5.4058  -5.3204  -3.6529  -3.6350
  -1.4553  -1.1789  -0.5714   0.0206   1.1145   1.1257
     eigenvalues at k+q:
 -17.8397 -17.7105 -15.3473 -15.3466 -11.5986 -11.4768  -8.6286  -8.2660
  -7.0068  -7.0052  -6.1828  -6.0343  -5.4047  -5.3199  -3.6569  -3.6380
  -1.4130  -1.1254  -0.5743   0.0219   1.1316   1.1435
     cgsolve_all iterations  36    anorm=    0.72E-07
     cgsolve_all iterations  37    anorm=    0.71E-07
     cgsolve_all iterations  36    anorm=    0.75E-07
 
     k-point #    5 of     6      pool #  1    cpu time:     246.9
     compute_u_kq: q = (    0.0000,    0.0000,    0.0000)
     Rotating WFCS
     ethr =  1.00E-14,  avg # of iterations = 11.0
     eigenvalues at k:
 -17.8587 -17.7751 -15.3765 -15.3698 -11.1217 -11.1109  -8.5123  -8.4261
  -7.1112  -6.8139  -6.8052  -6.7227  -5.6797  -5.3676  -3.7220  -3.6626
  -0.6268  -0.4192  -0.3631  -0.0188   0.9838   1.0168
     eigenvalues at k+q:
 -17.8587 -17.7751 -15.3765 -15.3698 -11.1217 -11.1109  -8.5123  -8.4261
  -7.1112  -6.8139  -6.8052  -6.7227  -5.6797  -5.3676  -3.7220  -3.6627
  -0.6268  -0.4192  -0.3631  -0.0188   0.9838   1.0168
     cgsolve_all iterations  36    anorm=    0.67E-07
     cgsolve_all iterations  36    anorm=    0.67E-07
     cgsolve_all iterations  33    anorm=    0.68E-07
     compute_u_kq: q = (    0.0170,    0.0000,    0.0000)
     Rotating WFCS
     ethr =  1.00E-14,  avg # of iterations = 35.0
     eigenvalues at k:
 -17.8587 -17.7751 -15.3765 -15.3698 -11.1217 -11.1109  -8.5123  -8.4261
  -7.1112  -6.8139  -6.8052  -6.7227  -5.6797  -5.3676  -3.7220  -3.6626
  -0.6268  -0.4192  -0.3631  -0.0188   0.9838   1.0168
     eigenvalues at k+q:
 -17.8546 -17.7788 -15.3769 -15.3706 -11.1210 -11.1112  -8.5118  -8.4328
  -7.0894  -6.8150  -6.8060  -6.7264  -5.6782  -5.3849  -3.7201  -3.6650
  -0.6167  -0.4282  -0.3409  -0.0282   0.9838   1.0150
     cgsolve_all iterations  36    anorm=    0.68E-07
     cgsolve_all iterations  36    anorm=    0.73E-07
     cgsolve_all iterations  34    anorm=    0.74E-07
     compute_u_kq: q = (   -0.0170,    0.0000,    0.0000)
     Rotating WFCS
     ethr =  1.00E-14,  avg # of iterations = 35.0
     eigenvalues at k:
 -17.8587 -17.7751 -15.3765 -15.3698 -11.1217 -11.1109  -8.5123  -8.4261
  -7.1112  -6.8139  -6.8052  -6.7227  -5.6797  -5.3676  -3.7220  -3.6626
  -0.6268  -0.4192  -0.3631  -0.0188   0.9838   1.0168
     eigenvalues at k+q:
 -17.8628 -17.7716 -15.3761 -15.3690 -11.1224 -11.1107  -8.5124  -8.4195
  -7.1323  -6.8137  -6.8040  -6.7209  -5.6784  -5.3515  -3.7236  -3.6606
  -0.6367  -0.4106  -0.3851  -0.0105   0.9841   1.0185
     cgsolve_all iterations  36    anorm=    0.66E-07
     cgsolve_all iterations  36    anorm=    0.65E-07
     cgsolve_all iterations  34    anorm=    0.78E-07
     compute_u_kq: q = (    0.0000,    0.0170,    0.0000)
     Rotating WFCS
     ethr =  1.00E-14,  avg # of iterations = 34.0
     eigenvalues at k:
 -17.8587 -17.7751 -15.3765 -15.3698 -11.1217 -11.1109  -8.5123  -8.4261
  -7.1112  -6.8139  -6.8052  -6.7227  -5.6797  -5.3676  -3.7220  -3.6626
  -0.6268  -0.4192  -0.3631  -0.0188   0.9838   1.0168
     eigenvalues at k+q:
 -17.8546 -17.7788 -15.3769 -15.3706 -11.1210 -11.1112  -8.5118  -8.4328
  -7.0894  -6.8150  -6.8060  -6.7264  -5.6782  -5.3849  -3.7201  -3.6650
  -0.6167  -0.4282  -0.3409  -0.0282   0.9838   1.0150
     cgsolve_all iterations  36    anorm=    0.73E-07
     cgsolve_all iterations  36    anorm=    0.68E-07
     cgsolve_all iterations  34    anorm=    0.74E-07
     compute_u_kq: q = (    0.0000,   -0.0170,    0.0000)
     Rotating WFCS
     ethr =  1.00E-14,  avg # of iterations = 34.0
     eigenvalues at k:
 -17.8587 -17.7751 -15.3765 -15.3698 -11.1217 -11.1109  -8.5123  -8.4261
  -7.1112  -6.8139  -6.8052  -6.7227  -5.6797  -5.3676  -3.7220  -3.6626
  -0.6268  -0.4192  -0.3631  -0.0188   0.9838   1.0168
     eigenvalues at k+q:
 -17.8628 -17.7716 -15.3761 -15.3690 -11.1224 -11.1107  -8.5124  -8.4195
  -7.1323  -6.8137  -6.8040  -6.7209  -5.6784  -5.3515  -3.7236  -3.6606
  -0.6367  -0.4106  -0.3851  -0.0105   0.9841   1.0185
     cgsolve_all iterations  36    anorm=    0.65E-07
     cgsolve_all iterations  36    anorm=    0.66E-07
     cgsolve_all iterations  34    anorm=    0.77E-07
     compute_u_kq: q = (    0.0000,    0.0000,    0.0170)
     Rotating WFCS
     ethr =  1.00E-14,  avg # of iterations = 35.0
     eigenvalues at k:
 -17.8587 -17.7751 -15.3765 -15.3698 -11.1217 -11.1109  -8.5123  -8.4261
  -7.1112  -6.8139  -6.8052  -6.7227  -5.6797  -5.3676  -3.7220  -3.6626
  -0.6268  -0.4192  -0.3631  -0.0188   0.9838   1.0168
     eigenvalues at k+q:
 -17.8586 -17.7750 -15.3764 -15.3697 -11.1237 -11.1117  -8.5124  -8.4256
  -7.1085  -6.8145  -6.8052  -6.7211  -5.6796  -5.3675  -3.7219  -3.6625
  -0.6287  -0.4212  -0.3630  -0.0188   0.9852   1.0187
     cgsolve_all iterations  36    anorm=    0.67E-07
     cgsolve_all iterations  36    anorm=    0.67E-07
     cgsolve_all iterations  33    anorm=    0.68E-07
     compute_u_kq: q = (    0.0000,    0.0000,   -0.0170)
     Rotating WFCS
     ethr =  1.00E-14,  avg # of iterations = 35.0
     eigenvalues at k:
 -17.8587 -17.7751 -15.3765 -15.3698 -11.1217 -11.1109  -8.5123  -8.4261
  -7.1112  -6.8139  -6.8052  -6.7227  -5.6797  -5.3676  -3.7220  -3.6626
  -0.6268  -0.4192  -0.3631  -0.0188   0.9838   1.0168
     eigenvalues at k+q:
 -17.8586 -17.7750 -15.3764 -15.3697 -11.1237 -11.1117  -8.5124  -8.4256
  -7.1085  -6.8145  -6.8052  -6.7211  -5.6796  -5.3675  -3.7219  -3.6625
  -0.6287  -0.4212  -0.3630  -0.0188   0.9852   1.0187
     cgsolve_all iterations  36    anorm=    0.67E-07
     cgsolve_all iterations  36    anorm=    0.67E-07
     cgsolve_all iterations  33    anorm=    0.68E-07
 
     k-point #    6 of     6      pool #  1    cpu time:     307.6
     compute_u_kq: q = (    0.0000,    0.0000,    0.0000)
     Rotating WFCS
     ethr =  1.00E-14,  avg # of iterations = 11.0
     eigenvalues at k:
 -17.8003 -17.7367 -15.3528 -15.3521 -11.6046 -11.5412  -8.5053  -8.3152
  -7.0529  -7.0323  -6.0433  -5.8390  -5.6331  -5.3589  -3.6625  -3.6373
  -1.4118  -1.2704  -0.3270  -0.0141   1.0636   1.1429
     eigenvalues at k+q:
 -17.8003 -17.7367 -15.3528 -15.3521 -11.6047 -11.5412  -8.5053  -8.3153
  -7.0529  -7.0323  -6.0433  -5.8390  -5.6331  -5.3589  -3.6625  -3.6373
  -1.4118  -1.2704  -0.3270  -0.0142   1.0636   1.1429
     cgsolve_all iterations  37    anorm=    0.72E-07
     cgsolve_all iterations  37    anorm=    0.72E-07
     cgsolve_all iterations  29    anorm=    0.70E-07
     compute_u_kq: q = (    0.0170,    0.0000,    0.0000)
     Rotating WFCS
     ethr =  1.00E-14,  avg # of iterations = 26.0
     eigenvalues at k:
 -17.8003 -17.7367 -15.3528 -15.3521 -11.6046 -11.5412  -8.5053  -8.3152
  -7.0529  -7.0323  -6.0433  -5.8390  -5.6331  -5.3589  -3.6625  -3.6373
  -1.4118  -1.2704  -0.3270  -0.0141   1.0636   1.1429
     eigenvalues at k+q:
 -17.7971 -17.7395 -15.3532 -15.3525 -11.6026 -11.5450  -8.4943  -8.3218
  -7.0537  -7.0345  -6.0342  -5.8402  -5.6313  -5.3715  -3.6619  -3.6385
  -1.4068  -1.2785  -0.3066  -0.0222   1.0654   1.1395
     cgsolve_all iterations  37    anorm=    0.71E-07
     cgsolve_all iterations  37    anorm=    0.72E-07
     cgsolve_all iterations  35    anorm=    0.65E-07
     compute_u_kq: q = (   -0.0170,    0.0000,    0.0000)
     Rotating WFCS
     ethr =  1.00E-14,  avg # of iterations = 26.0
     eigenvalues at k:
 -17.8003 -17.7367 -15.3528 -15.3521 -11.6046 -11.5412  -8.5053  -8.3152
  -7.0529  -7.0323  -6.0433  -5.8390  -5.6331  -5.3589  -3.6625  -3.6373
  -1.4118  -1.2704  -0.3270  -0.0141   1.0636   1.1429
     eigenvalues at k+q:
 -17.8034 -17.7341 -15.3524 -15.3517 -11.6065 -11.5375  -8.5160  -8.3092
  -7.0519  -7.0301  -6.0519  -5.8411  -5.6310  -5.3473  -3.6630  -3.6363
  -1.4166  -1.2624  -0.3472  -0.0071   1.0622   1.1459
     cgsolve_all iterations  37    anorm=    0.74E-07
     cgsolve_all iterations  37    anorm=    0.70E-07
     cgsolve_all iterations  35    anorm=    0.69E-07
     compute_u_kq: q = (    0.0000,    0.0170,    0.0000)
     Rotating WFCS
     ethr =  1.00E-14,  avg # of iterations = 26.0
     eigenvalues at k:
 -17.8003 -17.7367 -15.3528 -15.3521 -11.6046 -11.5412  -8.5053  -8.3152
  -7.0529  -7.0323  -6.0433  -5.8390  -5.6331  -5.3589  -3.6625  -3.6373
  -1.4118  -1.2704  -0.3270  -0.0141   1.0636   1.1429
     eigenvalues at k+q:
 -17.7971 -17.7395 -15.3532 -15.3525 -11.6026 -11.5450  -8.4943  -8.3218
  -7.0537  -7.0345  -6.0342  -5.8402  -5.6313  -5.3715  -3.6619  -3.6385
  -1.4068  -1.2785  -0.3066  -0.0222   1.0654   1.1395
     cgsolve_all iterations  37    anorm=    0.72E-07
     cgsolve_all iterations  37    anorm=    0.71E-07
     cgsolve_all iterations  35    anorm=    0.65E-07
     compute_u_kq: q = (    0.0000,   -0.0170,    0.0000)
     Rotating WFCS
     ethr =  1.00E-14,  avg # of iterations = 26.0
     eigenvalues at k:
 -17.8003 -17.7367 -15.3528 -15.3521 -11.6046 -11.5412  -8.5053  -8.3152
  -7.0529  -7.0323  -6.0433  -5.8390  -5.6331  -5.3589  -3.6625  -3.6373
  -1.4118  -1.2704  -0.3270  -0.0141   1.0636   1.1429
     eigenvalues at k+q:
 -17.8034 -17.7341 -15.3524 -15.3517 -11.6065 -11.5375  -8.5160  -8.3092
  -7.0519  -7.0301  -6.0519  -5.8411  -5.6310  -5.3473  -3.6630  -3.6363
  -1.4166  -1.2624  -0.3472  -0.0071   1.0622   1.1459
     cgsolve_all iterations  37    anorm=    0.70E-07
     cgsolve_all iterations  37    anorm=    0.74E-07
     cgsolve_all iterations  35    anorm=    0.69E-07
     compute_u_kq: q = (    0.0000,    0.0000,    0.0170)
     Rotating WFCS
     ethr =  1.00E-14,  avg # of iterations = 33.0
     eigenvalues at k:
 -17.8003 -17.7367 -15.3528 -15.3521 -11.6046 -11.5412  -8.5053  -8.3152
  -7.0529  -7.0323  -6.0433  -5.8390  -5.6331  -5.3589  -3.6625  -3.6373
  -1.4118  -1.2704  -0.3270  -0.0141   1.0636   1.1429
     eigenvalues at k+q:
 -17.7972 -17.7349 -15.3516 -15.3512 -11.6247 -11.5611  -8.5044  -8.3118
  -7.0644  -7.0436  -5.9863  -5.7886  -5.6302  -5.3592  -3.6581  -3.6370
  -1.4573  -1.3204  -0.3252  -0.0142   1.0441   1.1342
     cgsolve_all iterations  37    anorm=    0.69E-07
     cgsolve_all iterations  37    anorm=    0.69E-07
     cgsolve_all iterations  29    anorm=    0.64E-07
     compute_u_kq: q = (    0.0000,    0.0000,   -0.0170)
     Rotating WFCS
     ethr =  1.00E-14,  avg # of iterations = 31.0
     eigenvalues at k:
 -17.8003 -17.7367 -15.3528 -15.3521 -11.6046 -11.5412  -8.5053  -8.3152
  -7.0529  -7.0323  -6.0433  -5.8390  -5.6331  -5.3589  -3.6625  -3.6373
  -1.4118  -1.2704  -0.3270  -0.0141   1.0636   1.1429
     eigenvalues at k+q:
 -17.8035 -17.7387 -15.3541 -15.3530 -11.5833 -11.5201  -8.5062  -8.3191
  -7.0407  -7.0203  -6.1025  -5.8912  -5.6362  -5.3588  -3.6668  -3.6377
  -1.3648  -1.2188  -0.3289  -0.0141   1.0841   1.1514
     cgsolve_all iterations  37    anorm=    0.74E-07
     cgsolve_all iterations  37    anorm=    0.74E-07
     cgsolve_all iterations  29    anorm=    0.71E-07
 
     End of magnetic susceptibility calculation
 
     f-sum rule (1st term):
           -43.9929          0.0000          0.0000
             0.0000        -43.9929          0.0000
             0.0000          0.0000        -41.6992

     f-sum rule (2nd term):
             0.0000          0.0000          0.0000
             0.0000          0.0000          0.0000
             0.0000          0.0000          0.0000

     f-sum rule (should be   -44.0000):
           -43.9929          0.0000          0.0000
             0.0000        -43.9929          0.0000
             0.0000          0.0000        -41.6992

     chi_bare pGv (HH) in paratec units:
         1.563346    -10.421225     -1.177900
       -10.421721      1.684810      2.401759
        -0.953231      2.183729     17.124296

         1.624078      0.000000      0.000000
         0.000000      1.624078      0.000000
         0.000000      0.000000     17.124296

     chi_bare vGv (VV) in paratec units:
         1.333096     -7.906486     -0.834109
        -7.906872      0.451201      1.976413
        -0.833744      1.976573     15.653274

         0.892149      0.000000      0.000000
         0.000000      0.892149      0.000000
         0.000000      0.000000     15.653274

     chi_bare pGv (HH) in 10^{-6} cm^3/mol:
             7.7178          0.0000          0.0000
             0.0000          7.7178          0.0000
             0.0000          0.0000         81.3763

     chi_bare vGv (VV) in 10^{-6} cm^3/mol:
             4.2396          0.0000          0.0000
             0.0000          4.2396          0.0000
             0.0000          0.0000         74.3858

     Contributions to the NMR chemical shifts: -------------------------------
 
     Macroscopic shape contribution in ppm:                    0.00
             0.0000          0.0000          0.0000
             0.0000          0.0000          0.0000
             0.0000          0.0000          0.0000

 
     Core contribution in ppm:
 
     Atom  1  C   pos: (  0.000000  0.500000  0.227507)  core sigma:         200.33
     Atom  2  C   pos: (  0.500000  0.000000  0.604855)  core sigma:         200.33
     Atom  3  O   pos: (  0.000000  0.500000  0.474811)  core sigma:         200.33
     Atom  4  O   pos: (  0.500000  0.000000  0.357551)  core sigma:         200.33
     Atom  5  N   pos: (  0.146709  0.646709  0.103525)  core sigma:         235.49
     Atom  6  N   pos: (  0.853291  0.353291  0.103525)  core sigma:         235.49
     Atom  7  N   pos: (  0.646709  0.853291  0.728837)  core sigma:         235.49
     Atom  8  N   pos: (  0.353291  0.146709  0.728837)  core sigma:         235.49
     Atom  9  H   pos: (  0.259593  0.759593  0.192335)  core sigma:           0.00
     Atom 10  H   pos: (  0.740407  0.240407  0.192335)  core sigma:           0.00
     Atom 11  H   pos: (  0.759593  0.740407  0.640027)  core sigma:           0.00
     Atom 12  H   pos: (  0.240407  0.259593  0.640027)  core sigma:           0.00
     Atom 13  H   pos: (  0.138144  0.638144  0.751180)  core sigma:           0.00
     Atom 14  H   pos: (  0.861856  0.361856  0.751180)  core sigma:           0.00
     Atom 15  H   pos: (  0.638144  0.861856  0.081181)  core sigma:           0.00
     Atom 16  H   pos: (  0.361856  0.138144  0.081181)  core sigma:           0.00
 
     Bare contribution in ppm:
 
     Atom  1  C   pos: (  0.000000  0.500000  0.227507)  bare sigma:        -131.82
          -104.5590        -58.0342         -0.0000
           -58.0342       -104.5590         -0.0000
             0.0000          0.0000       -186.3389

     Atom  2  C   pos: (  0.500000  0.000000  0.604855)  bare sigma:        -131.82
          -104.5590         58.0342          0.0000
            58.0342       -104.5590         -0.0000
            -0.0000         -0.0000       -186.3389

     Atom  3  O   pos: (  0.000000  0.500000  0.474811)  bare sigma:        -760.09
          -329.3094        138.6456         -0.0000
           138.6456       -329.3094          0.0000
             0.0000         -0.0000      -1621.6498

     Atom  4  O   pos: (  0.500000  0.000000  0.357551)  bare sigma:        -760.09
          -329.3094       -138.6456         -0.0000
          -138.6456       -329.3094         -0.0000
             0.0000          0.0000      -1621.6498

     Atom  5  N   pos: (  0.146709  0.646709  0.103525)  bare sigma:          46.03
            28.9331        -42.9562        -20.7218
           -42.9562         28.9331        -20.7218
           122.3297        122.3297         80.2328

     Atom  6  N   pos: (  0.853291  0.353291  0.103525)  bare sigma:          46.03
            28.9331        -42.9562         20.7218
           -42.9562         28.9331         20.7218
          -122.3297       -122.3297         80.2328

     Atom  7  N   pos: (  0.646709  0.853291  0.728837)  bare sigma:          46.03
            28.9331         42.9562         20.7218
            42.9562         28.9331        -20.7218
          -122.3297        122.3297         80.2328

     Atom  8  N   pos: (  0.353291  0.146709  0.728837)  bare sigma:          46.03
            28.9331         42.9562        -20.7218
            42.9562         28.9331         20.7218
           122.3297       -122.3297         80.2328

     Atom  9  H   pos: (  0.259593  0.759593  0.192335)  bare sigma:          27.25
            19.1979          3.0430         -0.1819
             3.0430         19.1979         -0.1819
            -1.3576         -1.3576         43.3655

     Atom 10  H   pos: (  0.740407  0.240407  0.192335)  bare sigma:          27.25
            19.1979          3.0430          0.1819
             3.0430         19.1978          0.1819
             1.3576          1.3576         43.3655

     Atom 11  H   pos: (  0.759593  0.740407  0.640027)  bare sigma:          27.25
            19.1978         -3.0430          0.1819
            -3.0430         19.1979         -0.1819
             1.3576         -1.3576         43.3655

     Atom 12  H   pos: (  0.240407  0.259593  0.640027)  bare sigma:          27.25
            19.1978         -3.0430         -0.1819
            -3.0430         19.1978          0.1819
            -1.3576          1.3576         43.3655

     Atom 13  H   pos: (  0.138144  0.638144  0.751180)  bare sigma:          13.86
             8.3287          1.3652          0.1687
             1.3652          8.3287          0.1687
           -10.2552        -10.2552         24.9263

     Atom 14  H   pos: (  0.861856  0.361856  0.751180)  bare sigma:          13.86
             8.3287          1.3652         -0.1687
             1.3652          8.3287         -0.1687
            10.2552         10.2552         24.9263

     Atom 15  H   pos: (  0.638144  0.861856  0.081181)  bare sigma:          13.86
             8.3287         -1.3652         -0.1687
            -1.3652          8.3287          0.1687
            10.2552        -10.2552         24.9263

     Atom 16  H   pos: (  0.361856  0.138144  0.081181)  bare sigma:          13.86
             8.3287         -1.3652          0.1687
            -1.3652          8.3287         -0.1687
           -10.2552         10.2552         24.9263

     Diamagnetic contribution in ppm:
 
     Atom  1  C   pos: (  0.000000  0.500000  0.227507)  dia sigma:           3.71
             3.7239          0.0240          0.0000
             0.0240          3.7239          0.0000
             0.0000          0.0000          3.6798

     Atom  2  C   pos: (  0.500000  0.000000  0.604855)  dia sigma:           3.71
             3.7239         -0.0240          0.0000
            -0.0240          3.7239          0.0000
             0.0000          0.0000          3.6798

     Atom  3  O   pos: (  0.000000  0.500000  0.474811)  dia sigma:           4.25
             4.2714          0.0506          0.0000
             0.0506          4.2714          0.0000
             0.0000          0.0000          4.2005

     Atom  4  O   pos: (  0.500000  0.000000  0.357551)  dia sigma:           4.25
             4.2714         -0.0506          0.0000
            -0.0506          4.2714          0.0000
             0.0000          0.0000          4.2005

     Atom  5  N   pos: (  0.146709  0.646709  0.103525)  dia sigma:           5.70
             5.6626          0.1243         -0.0165
             0.1243          5.6626         -0.0165
            -0.0165         -0.0165          5.7628

     Atom  6  N   pos: (  0.853291  0.353291  0.103525)  dia sigma:           5.70
             5.6626          0.1243          0.0165
             0.1243          5.6626          0.0165
             0.0165          0.0165          5.7628

     Atom  7  N   pos: (  0.646709  0.853291  0.728837)  dia sigma:           5.70
             5.6626         -0.1243          0.0165
            -0.1243          5.6626         -0.0165
             0.0165         -0.0165          5.7628

     Atom  8  N   pos: (  0.353291  0.146709  0.728837)  dia sigma:           5.70
             5.6626         -0.1243         -0.0165
            -0.1243          5.6626          0.0165
            -0.0165          0.0165          5.7628

     Atom  9  H   pos: (  0.259593  0.759593  0.192335)  dia sigma:           0.37
             0.3684         -0.0000         -0.0000
            -0.0000          0.3684         -0.0000
            -0.0000         -0.0000          0.3684

     Atom 10  H   pos: (  0.740407  0.240407  0.192335)  dia sigma:           0.37
             0.3684         -0.0000          0.0000
            -0.0000          0.3684          0.0000
             0.0000          0.0000          0.3684

     Atom 11  H   pos: (  0.759593  0.740407  0.640027)  dia sigma:           0.37
             0.3684          0.0000          0.0000
             0.0000          0.3684         -0.0000
             0.0000         -0.0000          0.3684

     Atom 12  H   pos: (  0.240407  0.259593  0.640027)  dia sigma:           0.37
             0.3684          0.0000         -0.0000
             0.0000          0.3684          0.0000
            -0.0000          0.0000          0.3684

     Atom 13  H   pos: (  0.138144  0.638144  0.751180)  dia sigma:           0.36
             0.3575          0.0000          0.0000
             0.0000          0.3575          0.0000
             0.0000          0.0000          0.3575

     Atom 14  H   pos: (  0.861856  0.361856  0.751180)  dia sigma:           0.36
             0.3575          0.0000         -0.0000
             0.0000          0.3575         -0.0000
            -0.0000         -0.0000          0.3575

     Atom 15  H   pos: (  0.638144  0.861856  0.081181)  dia sigma:           0.36
             0.3575         -0.0000         -0.0000
            -0.0000          0.3575          0.0000
            -0.0000          0.0000          0.3575

     Atom 16  H   pos: (  0.361856  0.138144  0.081181)  dia sigma:           0.36
             0.3575         -0.0000          0.0000
            -0.0000          0.3575         -0.0000
             0.0000         -0.0000          0.3575

     Paramagnetic contribution in ppm:
 
     Atom  1  C   pos: (  0.000000  0.500000  0.227507)  para sigma:         -97.95
           -99.9054        -39.2820          0.0000
           -39.2820        -99.9054          0.0000
             0.0000          0.0000        -94.0323

     Atom  2  C   pos: (  0.500000  0.000000  0.604855)  para sigma:         -97.95
           -99.9054         39.2820          0.0000
            39.2820        -99.9054          0.0000
             0.0000          0.0000        -94.0323

     Atom  3  O   pos: (  0.000000  0.500000  0.474811)  para sigma:        -467.63
          -218.8463         72.8884          0.0000
            72.8884       -218.8463          0.0000
             0.0000          0.0000       -965.1969

     Atom  4  O   pos: (  0.500000  0.000000  0.357551)  para sigma:        -467.63
          -218.8463        -72.8884          0.0000
           -72.8884       -218.8463          0.0000
             0.0000          0.0000       -965.1969

     Atom  5  N   pos: (  0.146709  0.646709  0.103525)  para sigma:         -28.81
           -40.3952        -27.8038        -12.0385
           -27.8038        -40.3952        -12.0385
            78.9984         78.9984         -5.6304

     Atom  6  N   pos: (  0.853291  0.353291  0.103525)  para sigma:         -28.81
           -40.3952        -27.8038         12.0385
           -27.8038        -40.3952         12.0385
           -78.9984        -78.9984         -5.6304

     Atom  7  N   pos: (  0.646709  0.853291  0.728837)  para sigma:         -28.81
           -40.3952         27.8038         12.0385
            27.8038        -40.3952        -12.0385
           -78.9984         78.9984         -5.6304

     Atom  8  N   pos: (  0.353291  0.146709  0.728837)  para sigma:         -28.81
           -40.3952         27.8038        -12.0385
            27.8038        -40.3952         12.0385
            78.9984        -78.9984         -5.6304

     Atom  9  H   pos: (  0.259593  0.759593  0.192335)  para sigma:           0.00
             0.0000          0.0000          0.0000
             0.0000          0.0000          0.0000
             0.0000          0.0000          0.0000

     Atom 10  H   pos: (  0.740407  0.240407  0.192335)  para sigma:           0.00
             0.0000          0.0000          0.0000
             0.0000          0.0000          0.0000
             0.0000          0.0000          0.0000

     Atom 11  H   pos: (  0.759593  0.740407  0.640027)  para sigma:           0.00
             0.0000          0.0000          0.0000
             0.0000          0.0000          0.0000
             0.0000          0.0000          0.0000

     Atom 12  H   pos: (  0.240407  0.259593  0.640027)  para sigma:           0.00
             0.0000          0.0000          0.0000
             0.0000          0.0000          0.0000
             0.0000          0.0000          0.0000

     Atom 13  H   pos: (  0.138144  0.638144  0.751180)  para sigma:           0.00
             0.0000          0.0000          0.0000
             0.0000          0.0000          0.0000
             0.0000          0.0000          0.0000

     Atom 14  H   pos: (  0.861856  0.361856  0.751180)  para sigma:           0.00
             0.0000          0.0000          0.0000
             0.0000          0.0000          0.0000
             0.0000          0.0000          0.0000

     Atom 15  H   pos: (  0.638144  0.861856  0.081181)  para sigma:           0.00
             0.0000          0.0000          0.0000
             0.0000          0.0000          0.0000
             0.0000          0.0000          0.0000

     Atom 16  H   pos: (  0.361856  0.138144  0.081181)  para sigma:           0.00
             0.0000          0.0000          0.0000
             0.0000          0.0000          0.0000
             0.0000          0.0000          0.0000

 
     Total NMR chemical shifts in ppm: ---------------------------------------
     (adopting the Simpson convention for anisotropy and asymmetry)-----------
 
     Atom  1  C   pos: (  0.000000  0.500000  0.227507)  Total sigma:         -25.72
            -0.4077        -97.2923         -0.0000
           -97.2923         -0.4077         -0.0000
             0.0000          0.0000        -76.3587

     C    1    anisotropy:    183.91    eta:   -0.1741
     C    1    sigma_11=    -76.36    axis=(  0.000000  0.000000 -1.000000)
     C    1    sigma_22=    -97.70    axis=(  0.707107  0.707107  0.000000)
     C    1    sigma_33=     96.88    axis=( -0.707107  0.707107  0.000000)
 
     Atom  2  C   pos: (  0.500000  0.000000  0.604855)  Total sigma:         -25.72
            -0.4077         97.2923          0.0000
            97.2923         -0.4077         -0.0000
            -0.0000         -0.0000        -76.3587

     C    2    anisotropy:    183.91    eta:   -0.1741
     C    2    sigma_11=    -76.36    axis=( -0.000000  0.000000  1.000000)
     C    2    sigma_22=    -97.70    axis=( -0.707107  0.707107 -0.000000)
     C    2    sigma_33=     96.88    axis=(  0.707107  0.707107 -0.000000)
 
     Atom  3  O   pos: (  0.000000  0.500000  0.474811)  Total sigma:       -1023.14
          -343.5516        211.5846         -0.0000
           211.5846       -343.5516          0.0000
             0.0000         -0.0000      -2382.3136

     O    3    anisotropy:  -2038.76    eta:   -0.3113
     O    3    sigma_11=   -555.14    axis=(  0.707107 -0.707107  0.000000)
     O    3    sigma_22=   -131.97    axis=( -0.707107 -0.707107  0.000000)
     O    3    sigma_33=  -2382.31    axis=(  0.000000  0.000000  1.000000)
 
     Atom  4  O   pos: (  0.500000  0.000000  0.357551)  Total sigma:       -1023.14
          -343.5516       -211.5846         -0.0000
          -211.5846       -343.5516         -0.0000
             0.0000          0.0000      -2382.3136

     O    4    anisotropy:  -2038.76    eta:   -0.3113
     O    4    sigma_11=   -555.14    axis=( -0.707107 -0.707107  0.000000)
     O    4    sigma_22=   -131.97    axis=( -0.707107  0.707107  0.000000)
     O    4    sigma_33=  -2382.31    axis=(  0.000000  0.000000  1.000000)
 
     Atom  5  N   pos: (  0.146709  0.646709  0.103525)  Total sigma:         258.41
           229.6896        -70.6357        -32.7767
           -70.6357        229.6896        -32.7767
           201.3117        201.3117        315.8543

     N    5    anisotropy:   -245.41    eta:   -0.4876
     N    5    sigma_11=    300.33    axis=(  0.707107 -0.707107  0.000000)
     N    5    sigma_22=    380.10    axis=( -0.335558 -0.335558 -0.880228)
     N    5    sigma_33=     94.81    axis=( -0.622415 -0.622415  0.474550)
 
     Atom  6  N   pos: (  0.853291  0.353291  0.103525)  Total sigma:         258.41
           229.6896        -70.6357         32.7767
           -70.6357        229.6896         32.7767
          -201.3117       -201.3117        315.8543

     N    6    anisotropy:   -245.41    eta:   -0.4876
     N    6    sigma_11=    300.33    axis=(  0.707107 -0.707107 -0.000000)
     N    6    sigma_22=    380.10    axis=( -0.335558 -0.335558  0.880228)
     N    6    sigma_33=     94.81    axis=(  0.622415  0.622415  0.474550)
 
     Atom  7  N   pos: (  0.646709  0.853291  0.728837)  Total sigma:         258.41
           229.6896         70.6357         32.7767
            70.6357        229.6896        -32.7767
          -201.3117        201.3117        315.8543

     N    7    anisotropy:   -245.41    eta:   -0.4876
     N    7    sigma_11=    300.33    axis=(  0.707107  0.707107  0.000000)
     N    7    sigma_22=    380.10    axis=(  0.335558 -0.335558 -0.880228)
     N    7    sigma_33=     94.81    axis=(  0.622415 -0.622415  0.474550)
 
     Atom  8  N   pos: (  0.353291  0.146709  0.728837)  Total sigma:         258.41
           229.6896         70.6357        -32.7767
            70.6357        229.6896         32.7767
           201.3117       -201.3117        315.8543

     N    8    anisotropy:   -245.41    eta:   -0.4876
     N    8    sigma_11=    300.33    axis=(  0.707107  0.707107 -0.000000)
     N    8    sigma_22=    380.10    axis=(  0.335558 -0.335558  0.880228)
     N    8    sigma_33=     94.81    axis=( -0.622415  0.622415  0.474550)
 
     Atom  9  H   pos: (  0.259593  0.759593  0.192335)  Total sigma:          27.62
            19.5663          3.0430         -0.1819
             3.0430         19.5663         -0.1819
            -1.3576         -1.3576         43.7339

     H    9    anisotropy:     24.25    eta:   -0.3730
     H    9    sigma_11=     22.55    axis=(  0.706175  0.706174  0.051327)
     H    9    sigma_22=     16.52    axis=(  0.707106 -0.707107 -0.000000)
     H    9    sigma_33=     43.79    axis=( -0.036294 -0.036294  0.998682)
 
     Atom 10  H   pos: (  0.740407  0.240407  0.192335)  Total sigma:          27.62
            19.5663          3.0430          0.1819
             3.0430         19.5663          0.1819
             1.3576          1.3576         43.7339

     H   10    anisotropy:     24.25    eta:   -0.3730
     H   10    sigma_11=     22.55    axis=(  0.706175  0.706174 -0.051327)
     H   10    sigma_22=     16.52    axis=(  0.707106 -0.707107  0.000000)
     H   10    sigma_33=     43.79    axis=(  0.036294  0.036294  0.998682)
 
     Atom 11  H   pos: (  0.759593  0.740407  0.640027)  Total sigma:          27.62
            19.5663         -3.0430          0.1819
            -3.0430         19.5663         -0.1819
             1.3576         -1.3576         43.7339

     H   11    anisotropy:     24.25    eta:   -0.3730
     H   11    sigma_11=     22.55    axis=( -0.706174  0.706175  0.051327)
     H   11    sigma_22=     16.52    axis=(  0.707107  0.707106 -0.000000)
     H   11    sigma_33=     43.79    axis=(  0.036294 -0.036293  0.998682)
 
     Atom 12  H   pos: (  0.240407  0.259593  0.640027)  Total sigma:          27.62
            19.5663         -3.0430         -0.1819
            -3.0430         19.5663          0.1819
            -1.3576          1.3576         43.7339

     H   12    anisotropy:     24.25    eta:   -0.3730
     H   12    sigma_11=     22.55    axis=( -0.706175  0.706175 -0.051327)
     H   12    sigma_22=     16.52    axis=(  0.707107  0.707107  0.000000)
     H   12    sigma_33=     43.79    axis=( -0.036294  0.036294  0.998682)
 
     Atom 13  H   pos: (  0.138144  0.638144  0.751180)  Total sigma:          14.22
             8.6862          1.3652          0.1687
             1.3652          8.6862          0.1687
           -10.2552        -10.2552         25.2838

     H   13    anisotropy:     20.82    eta:   -0.0063
     H   13    sigma_11=      7.32    axis=(  0.707116 -0.707097  0.000005)
     H   13    sigma_22=      7.23    axis=(  0.657621  0.657641  0.367481)
     H   13    sigma_33=     28.10    axis=( -0.259848 -0.259848  0.930031)
 
     Atom 14  H   pos: (  0.861856  0.361856  0.751180)  Total sigma:          14.22
             8.6862          1.3652         -0.1687
             1.3652          8.6862         -0.1687
            10.2552         10.2552         25.2838

     H   14    anisotropy:     20.82    eta:   -0.0063
     H   14    sigma_11=      7.32    axis=(  0.707107 -0.707107 -0.000000)
     H   14    sigma_22=      7.23    axis=(  0.657631  0.657631 -0.367481)
     H   14    sigma_33=     28.10    axis=(  0.259848  0.259848  0.930031)
 
     Atom 15  H   pos: (  0.638144  0.861856  0.081181)  Total sigma:          14.22
             8.6862         -1.3652         -0.1687
            -1.3652          8.6862          0.1687
            10.2552        -10.2552         25.2838

     H   15    anisotropy:     20.82    eta:   -0.0063
     H   15    sigma_11=      7.32    axis=(  0.707107  0.707107  0.000000)
     H   15    sigma_22=      7.23    axis=( -0.657631  0.657631  0.367481)
     H   15    sigma_33=     28.10    axis=(  0.259848 -0.259848  0.930031)
 
     Atom 16  H   pos: (  0.361856  0.138144  0.081181)  Total sigma:          14.22
             8.6862         -1.3652          0.1687
            -1.3652          8.6862         -0.1687
           -10.2552         10.2552         25.2838

     H   16    anisotropy:     20.82    eta:   -0.0063
     H   16    sigma_11=      7.32    axis=(  0.707097  0.707116 -0.000005)
     H   16    sigma_22=      7.23    axis=( -0.657641  0.657621 -0.367481)
     H   16    sigma_33=     28.10    axis=( -0.259848  0.259848  0.930031)
 
     Initialization:
     gipaw_setup  :      0.10s CPU      0.10s WALL (       1 calls)
 
     Linear response
     greenf       :    272.38s CPU    294.89s WALL (     126 calls)
     cgsolve      :    271.22s CPU    293.63s WALL (     126 calls)
     ch_psi       :    255.64s CPU    276.67s WALL (    4133 calls)
     h_psiq       :    229.20s CPU    248.59s WALL (    4133 calls)
 
     Apply operators
     h_psi        :    262.00s CPU    283.48s WALL (    5353 calls)
     apply_vel    :      1.39s CPU      1.62s WALL (     126 calls)
 
     Induced current
     j_para       :     34.82s CPU     37.55s WALL (      72 calls)
     biot_savart  :      0.07s CPU      0.07s WALL (       1 calls)
 
     Other routines
 
     General routines
     calbec       :      9.34s CPU     10.04s WALL (   14201 calls)
     fft          :      0.08s CPU      0.10s WALL (      29 calls)
     fftw         :    217.79s CPU    238.64s WALL (  232728 calls)
     davcio       :      0.06s CPU      0.06s WALL (      96 calls)
 
     Parallel routines
 
     Plugins
 
 
     GIPAW        :   5m58.96s CPU   6m28.22s WALL

 
   This run was terminated on:  13:50:32  17Dec2019            

=------------------------------------------------------------------------------=
   JOB DONE.
=------------------------------------------------------------------------------=
