
     Program GIPAW v.6.4.1 starts on 29May2019 at 13:28:49 

     This program is part of the open-source Quantum ESPRESSO suite
     for quantum simulation of materials; please cite
         "P. Giannozzi et al., J. Phys.:Condens. Matter 21 395502 (2009);
         "P. Giannozzi et al., J. Phys.:Condens. Matter 29 465901 (2017);
          URL http://www.quantum-espresso.org", 
     in publications or presentations arising from this work. More details at
     http://www.quantum-espresso.org/quote

     Parallel version (MPI), running on     4 processors

     MPI processes distributed on     1 nodes
     R & G space division:  proc/nbgrp/npool/nimage =       4
 
     ***** This is GIPAW git revision 5391d9015a1d0d7f243b4ea6da3c02ea5229b7f7 *****
     ***** you can cite: N. Varini et al., Comp. Phys. Comm. 184, 1827 (2013)  *****
     ***** in publications or presentations arising from this work.            *****
 
     Parallelizing q-star over 1 images

     Reading data from directory:
     /tmp/ceresoli/quartz.save/

     IMPORTANT: XC functional enforced from input :
     Exchange-correlation      = PBE ( 1  4  3  4 0 0)
     Any further DFT definition will be discarded
     Please, verify this is what you really want

 
     Parallelization info
     --------------------
     sticks:   dense  smooth     PW     G-vecs:    dense   smooth      PW
     Min         595     238     70                25771     6540    1040
     Max         596     239     71                25774     6545    1043
     Sum        2383     955    283               103091    26171    4169
 

     Subspace diagonalization in iterative solution of the eigenvalue problem:
     a serial algorithm will be used

     GIPAW projectors -----------------------------------------------
     atom=  Si   l=0  rc=    2.0000  rs=    1.3333
     atom=  Si   l=0  rc=    2.0000  rs=    1.3333
     atom=  Si   l=1  rc=    2.0000  rs=    1.3333
     atom=  Si   l=1  rc=    2.0000  rs=    1.3333
     atom=  Si   l=2  rc=    2.0000  rs=    1.3333
     atom=  Si   l=2  rc=    2.0000  rs=    1.3333
     projs nearly linearly dependent: l=1  n1,n2= 1, 2  s=  0.99854623
     projs nearly linearly dependent: l=2  n1,n2= 1, 2  s=  0.99998260
 
     atom=  O    l=0  rc=    1.3000  rs=    0.8667
     atom=  O    l=0  rc=    1.3000  rs=    0.8667
     atom=  O    l=1  rc=    1.3000  rs=    0.8667
     atom=  O    l=1  rc=    1.3000  rs=    0.8667
     projs nearly linearly dependent: l=1  n1,n2= 1, 2  s=  0.99505596
     -----------------------------------------------------------------
 
     alpha_pv=     38.7331 eV
 
     q-space interpolation up to    44.00 Rydberg
 
     GIPAW job: nmr                                                                             
     NMR macroscopic correction: yes
             0.6667          0.0000          0.0000
             0.0000          0.6667          0.0000
             0.0000          0.0000          0.6667

 
     Largest allocated arrays     est. size (Mb)     dimensions
        KS wavefunctions at k           0.31 Mb     (     834,   24)
        KS wavefunctions at k+q         0.31 Mb     (     834,   24)
        First-order wavefunctions       3.05 Mb     (     834,   24, 10)
        First-order wavefunct (US)      1.83 Mb     (     834,   24,  6)
        Charge/spin density             0.15 Mb     (   19200,    1)
        Induced current                 1.32 Mb     (   19200,    3,3,1)
        Induced magnetic field          1.32 Mb     (   19200,    3,3,1)
        NL pseudopotentials             0.76 Mb     (     834,   60)
        GIPAW NL terms                  1.30 Mb     (     834,  102)
 
     Computing the magnetic susceptibility     isolve=1    ethr=  0.1000E-13
     Starting from scratch
     k-point #    1 of    20      pool #  1    cpu time:       0.4
     Rotating WFCS
     Rotating WFCS
     Rotating WFCS
     Rotating WFCS
     Rotating WFCS
     Rotating WFCS
     Rotating WFCS
 
     k-point #    2 of    20      pool #  1    cpu time:      10.8
     Rotating WFCS
     Rotating WFCS
     Rotating WFCS
     Rotating WFCS
     Rotating WFCS
     Rotating WFCS
     Rotating WFCS
 
     k-point #    3 of    20      pool #  1    cpu time:      21.3
     Rotating WFCS
     Rotating WFCS
     Rotating WFCS
     Rotating WFCS
     Rotating WFCS
     Rotating WFCS
     Rotating WFCS
 
     k-point #    4 of    20      pool #  1    cpu time:      31.7
     Rotating WFCS
     Rotating WFCS
     Rotating WFCS
     Rotating WFCS
     Rotating WFCS
     Rotating WFCS
     Rotating WFCS
 
     k-point #    5 of    20      pool #  1    cpu time:      41.7
     Rotating WFCS
     Rotating WFCS
     Rotating WFCS
     Rotating WFCS
     Rotating WFCS
     Rotating WFCS
     Rotating WFCS
 
     k-point #    6 of    20      pool #  1    cpu time:      53.7
     Rotating WFCS
     Rotating WFCS
     Rotating WFCS
     Rotating WFCS
     Rotating WFCS
     Rotating WFCS
     Rotating WFCS
 
     k-point #    7 of    20      pool #  1    cpu time:      64.0
     Rotating WFCS
     Rotating WFCS
     Rotating WFCS
     Rotating WFCS
     Rotating WFCS
     Rotating WFCS
     Rotating WFCS
 
     k-point #    8 of    20      pool #  1    cpu time:      74.2
     Rotating WFCS
     Rotating WFCS
     Rotating WFCS
     Rotating WFCS
     Rotating WFCS
     Rotating WFCS
     Rotating WFCS
 
     k-point #    9 of    20      pool #  1    cpu time:      85.2
     Rotating WFCS
     Rotating WFCS
     Rotating WFCS
     Rotating WFCS
     Rotating WFCS
     Rotating WFCS
     Rotating WFCS
 
     k-point #   10 of    20      pool #  1    cpu time:      96.0
     Rotating WFCS
     Rotating WFCS
     Rotating WFCS
     Rotating WFCS
     Rotating WFCS
     Rotating WFCS
     Rotating WFCS
 
     k-point #   11 of    20      pool #  1    cpu time:     106.7
     Rotating WFCS
     Rotating WFCS
     Rotating WFCS
     Rotating WFCS
     Rotating WFCS
     Rotating WFCS
     Rotating WFCS
 
     k-point #   12 of    20      pool #  1    cpu time:     117.6
     Rotating WFCS
     Rotating WFCS
     Rotating WFCS
     Rotating WFCS
     Rotating WFCS
     Rotating WFCS
     Rotating WFCS
 
     k-point #   13 of    20      pool #  1    cpu time:     128.0
     Rotating WFCS
     Rotating WFCS
     Rotating WFCS
     Rotating WFCS
     Rotating WFCS
     Rotating WFCS
     Rotating WFCS
 
     k-point #   14 of    20      pool #  1    cpu time:     138.7
     Rotating WFCS
     Rotating WFCS
     Rotating WFCS
     Rotating WFCS
     Rotating WFCS
     Rotating WFCS
     Rotating WFCS
 
     k-point #   15 of    20      pool #  1    cpu time:     149.0
     Rotating WFCS
     Rotating WFCS
     Rotating WFCS
     Rotating WFCS
     Rotating WFCS
     Rotating WFCS
     Rotating WFCS
 
     k-point #   16 of    20      pool #  1    cpu time:     159.6
     Rotating WFCS
     Rotating WFCS
     Rotating WFCS
     Rotating WFCS
     Rotating WFCS
     Rotating WFCS
     Rotating WFCS
 
     k-point #   17 of    20      pool #  1    cpu time:     170.7
     Rotating WFCS
     Rotating WFCS
     Rotating WFCS
     Rotating WFCS
     Rotating WFCS
     Rotating WFCS
     Rotating WFCS
 
     k-point #   18 of    20      pool #  1    cpu time:     181.4
     Rotating WFCS
     Rotating WFCS
     Rotating WFCS
     Rotating WFCS
     Rotating WFCS
     Rotating WFCS
     Rotating WFCS
 
     k-point #   19 of    20      pool #  1    cpu time:     192.6
     Rotating WFCS
     Rotating WFCS
     Rotating WFCS
     Rotating WFCS
     Rotating WFCS
     Rotating WFCS
     Rotating WFCS
 
     k-point #   20 of    20      pool #  1    cpu time:     203.5
     Rotating WFCS
     Rotating WFCS
     Rotating WFCS
     Rotating WFCS
     Rotating WFCS
     Rotating WFCS
     Rotating WFCS
 
     End of magnetic susceptibility calculation
 
     f-sum rule (1st term):
           -44.7619          0.0000          0.0000
             0.0000        -44.7614          0.0000
             0.0000          0.0000        -44.7652

     f-sum rule (2nd term):
            -1.2669          0.0000          0.0000
             0.0000         -1.2669          0.0000
             0.0000         -0.0000         -1.2635

     f-sum rule (should be   -46.0861):
           -46.0288          0.0000          0.0000
             0.0000        -46.0283          0.0000
             0.0000          0.0000        -46.0287

     chi_bare pGv (HH) in paratec units:
       -13.702552      0.038461     -0.514504
         0.005677    -13.705212     -0.007057
        -0.528746      0.015173    -13.762739

       -13.702552      0.000000      0.000000
         0.000000    -13.705212     -0.007057
         0.000000      0.015173    -13.762739

     chi_bare vGv (VV) in paratec units:
       -13.196246      0.005481     -0.284828
         0.005485    -13.197227      0.002824
        -0.284809      0.002817    -13.256468

       -13.196246      0.000000      0.000000
         0.000000    -13.197227      0.002824
         0.000000      0.002817    -13.256468

     chi_bare pGv (HH) in 10^{-6} cm^3/mol:
           -65.1158          0.0000          0.0000
             0.0000        -65.1285         -0.0335
             0.0000          0.0721        -65.4018

     chi_bare vGv (VV) in 10^{-6} cm^3/mol:
           -62.7098          0.0000          0.0000
             0.0000        -62.7145          0.0134
             0.0000          0.0134        -62.9960

     Contributions to the NMR chemical shifts: -------------------------------
 
     Macroscopic shape contribution in ppm:                    8.03
             8.0214          0.0000          0.0000
             0.0000          8.0230          0.0000
             0.0000          0.0000          8.0566

 
     Core contribution in ppm:
 
     Atom  1  Si  pos: (  0.470100 -0.814241  0.733333)  core sigma:         837.91
     Atom  2  Si  pos: (  0.470100  0.814241  1.466667)  core sigma:         837.91
     Atom  3  Si  pos: ( -0.940200  0.000000  0.000000)  core sigma:         837.91
     Atom  4  O   pos: (  0.681300 -0.253747  0.471680)  core sigma:         271.07
     Atom  5  O   pos: ( -0.120900  0.716899  1.205013)  core sigma:         271.07
     Atom  6  O   pos: ( -0.560400 -0.463152  1.938347)  core sigma:         271.07
     Atom  7  O   pos: (  0.681300  0.253747 -0.471680)  core sigma:         271.07
     Atom  8  O   pos: ( -0.120900 -0.716899  0.994987)  core sigma:         271.07
     Atom  9  O   pos: ( -0.560400  0.463152  0.261653)  core sigma:         271.07
 
     Bare contribution in ppm:
 
     Atom  1  Si  pos: (  0.470100 -0.814241  0.733333)  bare sigma:         -28.78
           -28.1695          1.3003          0.2925
             1.3003        -29.6709          0.1690
            -0.8868         -0.5119        -28.4978

     Atom  2  Si  pos: (  0.470100  0.814241  1.466667)  bare sigma:         -28.78
           -28.1695         -1.3003         -0.2925
            -1.3003        -29.6709          0.1690
             0.8868         -0.5119        -28.4978

     Atom  3  Si  pos: ( -0.940200  0.000000  0.000000)  bare sigma:         -28.78
           -30.4231         -0.0000         -0.0000
            -0.0000        -27.4182         -0.3377
             0.0000          1.0245        -28.4971

     Atom  4  O   pos: (  0.681300 -0.253747  0.471680)  bare sigma:          64.07
            60.2310          6.9031         -6.0724
             6.5993         67.4254         -8.2672
            -6.3358         -8.0640         64.5630

     Atom  5  O   pos: ( -0.120900  0.716899  1.205013)  bare sigma:          64.07
            71.4830         -0.1024         10.1926
            -0.4066         56.1704         -1.1342
            10.1406         -1.4630         64.5569

     Atom  6  O   pos: ( -0.560400 -0.463152  1.938347)  bare sigma:          64.07
            59.7905         -6.3448         -4.1196
            -6.6471         67.8598          9.3875
            -3.8106          9.5102         64.5597

     Atom  7  O   pos: (  0.681300  0.253747 -0.471680)  bare sigma:          64.07
            60.2310         -6.9031          6.0724
            -6.5993         67.4254         -8.2672
             6.3358         -8.0640         64.5630

     Atom  8  O   pos: ( -0.120900 -0.716899  0.994987)  bare sigma:          64.07
            71.4830          0.1024        -10.1926
             0.4066         56.1704         -1.1342
           -10.1406         -1.4630         64.5569

     Atom  9  O   pos: ( -0.560400  0.463152  0.261653)  bare sigma:          64.07
            59.7905          6.3448          4.1196
             6.6471         67.8598          9.3875
             3.8106          9.5102         64.5597

     Diamagnetic contribution in ppm:
 
     Atom  1  Si  pos: (  0.470100 -0.814241  0.733333)  dia sigma:           5.44
             5.4375         -0.0120          0.0034
            -0.0120          5.4513          0.0020
             0.0034          0.0020          5.4389

     Atom  2  Si  pos: (  0.470100  0.814241  1.466667)  dia sigma:           5.44
             5.4375          0.0120         -0.0034
             0.0120          5.4513          0.0020
            -0.0034          0.0020          5.4389

     Atom  3  Si  pos: ( -0.940200  0.000000  0.000000)  dia sigma:           5.44
             5.4582          0.0000          0.0000
             0.0000          5.4306         -0.0039
             0.0000         -0.0039          5.4389

     Atom  4  O   pos: (  0.681300 -0.253747  0.471680)  dia sigma:          17.70
            17.6027          0.1956         -0.2226
             0.1956         17.7911         -0.2480
            -0.2226         -0.2480         17.7069

     Atom  5  O   pos: ( -0.120900  0.716899  1.205013)  dia sigma:          17.70
            17.9134         -0.0162          0.3261
            -0.0162         17.4805         -0.0688
             0.3261         -0.0688         17.7069

     Atom  6  O   pos: ( -0.560400 -0.463152  1.938347)  dia sigma:          17.70
            17.5746         -0.1794         -0.1035
            -0.1794         17.8193          0.3168
            -0.1035          0.3168         17.7069

     Atom  7  O   pos: (  0.681300  0.253747 -0.471680)  dia sigma:          17.70
            17.6027         -0.1956          0.2226
            -0.1956         17.7911         -0.2480
             0.2226         -0.2480         17.7069

     Atom  8  O   pos: ( -0.120900 -0.716899  0.994987)  dia sigma:          17.70
            17.9134          0.0162         -0.3261
             0.0162         17.4805         -0.0688
            -0.3261         -0.0688         17.7069

     Atom  9  O   pos: ( -0.560400  0.463152  0.261653)  dia sigma:          17.70
            17.5746          0.1794          0.1035
             0.1794         17.8193          0.3168
             0.1035          0.3168         17.7069

     Paramagnetic contribution in ppm:
 
     Atom  1  Si  pos: (  0.470100 -0.814241  0.733333)  para sigma:        -366.67
          -365.5498          0.2543          4.5726
             0.2528       -365.8582          2.6333
            -9.8516         -5.6892       -368.6123

     Atom  2  Si  pos: (  0.470100  0.814241  1.466667)  para sigma:        -366.67
          -365.5498         -0.2543         -4.5726
            -0.2528       -365.8582          2.6333
             9.8516         -5.6892       -368.6123

     Atom  3  Si  pos: ( -0.940200  0.000000  0.000000)  para sigma:        -366.67
          -366.0018          0.0000          0.0000
             0.0000       -365.4026         -5.2774
             0.0000         11.3807       -368.6086

     Atom  4  O   pos: (  0.681300 -0.253747  0.471680)  para sigma:          -7.13
           -16.2841         18.2469        -17.1321
            17.6321          0.8773        -22.5725
           -17.5375        -22.1217         -5.9975

     Atom  5  O   pos: ( -0.120900  0.716899  1.205013)  para sigma:          -7.14
            12.1466         -1.2165         28.1068
            -1.8317        -27.5636         -3.5718
            27.9011         -4.1473         -6.0131

     Atom  6  O   pos: ( -0.560400 -0.463152  1.938347)  para sigma:          -7.14
           -18.9236        -16.1085        -10.9737
           -16.7197          3.5036         26.1109
           -10.3773         26.2284         -6.0044

     Atom  7  O   pos: (  0.681300  0.253747 -0.471680)  para sigma:          -7.13
           -16.2841        -18.2469         17.1321
           -17.6321          0.8773        -22.5725
            17.5375        -22.1217         -5.9975

     Atom  8  O   pos: ( -0.120900 -0.716899  0.994987)  para sigma:          -7.14
            12.1466          1.2165        -28.1068
             1.8317        -27.5636         -3.5718
           -27.9011         -4.1473         -6.0131

     Atom  9  O   pos: ( -0.560400  0.463152  0.261653)  para sigma:          -7.14
           -18.9236         16.1085         10.9737
            16.7197          3.5036         26.1109
            10.3773         26.2284         -6.0044

     Paramagnetic US occ-occ contribution in ppm:
 
     Atom  1  Si  pos: (  0.470100 -0.814241  0.733333)  para_oo sigma:         -11.08
           -11.3446         -0.5193         -0.0459
            -0.5187        -10.7449         -0.0262
             0.2864          0.1655        -11.1608

     Atom  2  Si  pos: (  0.470100  0.814241  1.466667)  para_oo sigma:         -11.08
           -11.3446          0.5193          0.0459
             0.5187        -10.7449         -0.0262
            -0.2864          0.1655        -11.1608

     Atom  3  Si  pos: ( -0.940200  0.000000  0.000000)  para_oo sigma:         -11.08
           -10.4461          0.0000          0.0000
             0.0000        -11.6449          0.0527
             0.0000         -0.3305        -11.1616

     Atom  4  O   pos: (  0.681300 -0.253747  0.471680)  para_oo sigma:          -1.70
            -1.6999          0.0505          0.0197
            -0.0083         -1.7142          0.0153
             0.0201          0.0148         -1.7003

     Atom  5  O   pos: ( -0.120900  0.716899  1.205013)  para_oo sigma:          -1.70
            -1.6932          0.0126         -0.0228
            -0.0464         -1.7202          0.0098
            -0.0223          0.0105         -1.6998

     Atom  6  O   pos: ( -0.560400 -0.463152  1.938347)  para_oo sigma:          -1.70
            -1.7295          0.0254          0.0032
            -0.0336         -1.6847         -0.0244
             0.0025         -0.0245         -1.7005

     Atom  7  O   pos: (  0.681300  0.253747 -0.471680)  para_oo sigma:          -1.70
            -1.6999         -0.0505         -0.0197
             0.0083         -1.7142          0.0153
            -0.0201          0.0148         -1.7003

     Atom  8  O   pos: ( -0.120900 -0.716899  0.994987)  para_oo sigma:          -1.70
            -1.6932         -0.0126          0.0228
             0.0464         -1.7202          0.0098
             0.0223          0.0105         -1.6998

     Atom  9  O   pos: ( -0.560400  0.463152  0.261653)  para_oo sigma:          -1.70
            -1.7295         -0.0254         -0.0032
             0.0336         -1.6847         -0.0244
            -0.0025         -0.0245         -1.7005

     Paramagnetic US L_R Q_R contribution in ppm:
 
     Atom  1  Si  pos: (  0.470100 -0.814241  0.733333)  para_lq sigma:         -13.51
           -13.7596         -0.4409          1.3539
            -0.4406        -13.2501          0.7818
            -0.8596         -0.4959        -13.5224

     Atom  2  Si  pos: (  0.470100  0.814241  1.466667)  para_lq sigma:         -13.51
           -13.7596          0.4409         -1.3539
             0.4406        -13.2501          0.7818
             0.8596         -0.4959        -13.5224

     Atom  3  Si  pos: ( -0.940200  0.000000  0.000000)  para_lq sigma:         -13.51
           -12.9962          0.0000          0.0000
             0.0000        -14.0141         -1.5632
             0.0000          0.9926        -13.5230

     Atom  4  O   pos: (  0.681300 -0.253747  0.471680)  para_lq sigma:        -128.73
          -127.5484         -2.8839          3.3258
            -2.8334       -129.9381          3.1733
             3.1147          3.2388       -128.7178

     Atom  5  O   pos: ( -0.120900  0.716899  1.205013)  para_lq sigma:        -128.73
          -131.8137          0.3705         -4.4111
             0.4211       -125.6719          1.2939
            -4.3622          1.0782       -128.7173

     Atom  6  O   pos: ( -0.560400 -0.463152  1.938347)  para_lq sigma:        -128.73
          -126.8626          2.4373          1.0849
             2.4881       -130.6237         -4.4670
             1.2473         -4.3168       -128.7180

     Atom  7  O   pos: (  0.681300  0.253747 -0.471680)  para_lq sigma:        -128.73
          -127.5484          2.8839         -3.3258
             2.8334       -129.9381          3.1733
            -3.1147          3.2388       -128.7178

     Atom  8  O   pos: ( -0.120900 -0.716899  0.994987)  para_lq sigma:        -128.73
          -131.8137         -0.3705          4.4111
            -0.4211       -125.6719          1.2939
             4.3622          1.0782       -128.7173

     Atom  9  O   pos: ( -0.560400  0.463152  0.261653)  para_lq sigma:        -128.73
          -126.8626         -2.4373         -1.0849
            -2.4881       -130.6237         -4.4670
            -1.2473         -4.3168       -128.7180

 
     Total NMR chemical shifts in ppm: ---------------------------------------
     (adopting the Simpson convention for anisotropy and asymmetry)-----------
 
     Atom  1  Si  pos: (  0.470100 -0.814241  0.733333)  Total sigma:         431.34
           432.5480          0.5824          6.1764
             0.5819        431.8628          3.5599
           -11.3082         -6.5295        429.6149

     Si   1    anisotropy:     -5.22    eta:   -0.8919
     Si   1    sigma_11=    431.53    axis=( -0.499840  0.866116 -0.001808)
     Si   1    sigma_22=    434.63    axis=( -0.746147 -0.429544  0.508682)
     Si   1    sigma_33=    427.86    axis=(  0.439801  0.255609  0.860953)
 
     Atom  2  Si  pos: (  0.470100  0.814241  1.466667)  Total sigma:         431.34
           432.5480         -0.5824         -6.1764
            -0.5819        431.8628          3.5599
            11.3082         -6.5295        429.6149

     Si   2    anisotropy:     -5.22    eta:   -0.8919
     Si   2    sigma_11=    431.53    axis=( -0.499840 -0.866116  0.001808)
     Si   2    sigma_22=    434.63    axis=(  0.746147 -0.429544  0.508682)
     Si   2    sigma_33=    427.86    axis=( -0.439801  0.255609  0.860953)
 
     Atom  3  Si  pos: ( -0.940200  0.000000  0.000000)  Total sigma:         431.34
           431.5251         -0.0000         -0.0000
            -0.0000        432.8864         -7.1294
             0.0000         13.0633        429.6178

     Si   3    anisotropy:     -5.22    eta:   -0.8954
     Si   3    sigma_11=    431.53    axis=(  1.000000 -0.000000  0.000000)
     Si   3    sigma_22=    434.64    axis=(  0.000000  0.860954  0.508684)
     Si   3    sigma_33=    427.86    axis=(  0.000000  0.508684 -0.860954)
 
     Atom  4  O   pos: (  0.681300 -0.253747  0.471680)  Total sigma:         223.31
           211.3976         22.5122        -20.0816
            21.5853        233.5394        -27.8991
           -20.9612        -27.1801        224.9857

     O    4    anisotropy:     73.14    eta:   -0.1107
     O    4    sigma_11=    201.63    axis=( -0.185084  0.712222  0.677114)
     O    4    sigma_22=    196.23    axis=(  0.876449 -0.192021  0.441549)
     O    4    sigma_33=    272.07    axis=( -0.444501 -0.675179  0.588686)
 
     Atom  5  O   pos: ( -0.120900  0.716899  1.205013)  Total sigma:         223.30
           247.1325         -0.9521         34.1917
            -1.8798        197.7930         -3.4711
            33.9832         -4.5905        224.9650

     O    5    anisotropy:     73.14    eta:   -0.1127
     O    5    sigma_11=    201.66    axis=( -0.524529 -0.514568  0.678299)
     O    5    sigma_22=    196.17    axis=( -0.270639  0.856143  0.440197)
     O    5    sigma_33=    272.06    axis=(  0.807232 -0.047322  0.588334)
 
     Atom  6  O   pos: ( -0.560400 -0.463152  1.938347)  Total sigma:         223.30
           208.9456        -20.1700        -14.1087
           -21.0917        235.9721         31.3239
           -13.0415         31.7140        224.9751

     O    6    anisotropy:     73.09    eta:   -0.1120
     O    6    sigma_11=    201.66    axis=(  0.710168 -0.194555  0.676616)
     O    6    sigma_22=    196.21    axis=( -0.603271 -0.663605  0.442372)
     O    6    sigma_33=    272.02    axis=( -0.362940  0.722341  0.588641)
 
     Atom  7  O   pos: (  0.681300  0.253747 -0.471680)  Total sigma:         223.31
           211.3976        -22.5122         20.0816
           -21.5853        233.5394        -27.8991
            20.9612        -27.1801        224.9857

     O    7    anisotropy:     73.14    eta:   -0.1107
     O    7    sigma_11=    201.63    axis=(  0.185084  0.712222  0.677114)
     O    7    sigma_22=    196.23    axis=(  0.876449  0.192021 -0.441549)
     O    7    sigma_33=    272.07    axis=(  0.444501 -0.675179  0.588686)
 
     Atom  8  O   pos: ( -0.120900 -0.716899  0.994987)  Total sigma:         223.30
           247.1325          0.9521        -34.1917
             1.8798        197.7930         -3.4711
           -33.9832         -4.5905        224.9650

     O    8    anisotropy:     73.14    eta:   -0.1127
     O    8    sigma_11=    201.66    axis=(  0.524529 -0.514568  0.678299)
     O    8    sigma_22=    196.17    axis=( -0.270639 -0.856143 -0.440197)
     O    8    sigma_33=    272.06    axis=( -0.807232 -0.047322  0.588334)
 
     Atom  9  O   pos: ( -0.560400  0.463152  0.261653)  Total sigma:         223.30
           208.9456         20.1700         14.1087
            21.0917        235.9721         31.3239
            13.0415         31.7140        224.9751

     O    9    anisotropy:     73.09    eta:   -0.1120
     O    9    sigma_11=    201.66    axis=( -0.710168 -0.194555  0.676616)
     O    9    sigma_22=    196.21    axis=( -0.603271  0.663605 -0.442372)
     O    9    sigma_33=    272.02    axis=(  0.362940  0.722341  0.588641)
 
     Initialization:
     gipaw_setup  :      0.09s CPU      0.10s WALL (       1 calls)
 
     Linear response
     greenf       :    111.78s CPU    119.42s WALL (     480 calls)
     cgsolve      :    110.69s CPU    118.32s WALL (     480 calls)
     ch_psi       :    105.29s CPU    112.84s WALL (   11281 calls)
     h_psiq       :     91.41s CPU     97.92s WALL (   11281 calls)
 
     Apply operators
     h_psi        :    124.66s CPU    133.54s WALL (  111196 calls)
     apply_vel    :      3.54s CPU      3.68s WALL (     420 calls)
 
     Induced current
     j_para       :     23.98s CPU     25.93s WALL (     540 calls)
     biot_savart  :      0.04s CPU      0.04s WALL (       1 calls)
 
     Other routines
 
     General routines
     calbec       :     20.12s CPU     21.54s WALL (  237453 calls)
     fft          :      0.06s CPU      0.07s WALL (      43 calls)
     ffts         :      0.00s CPU      0.00s WALL (      10 calls)
     fftw         :    114.20s CPU    122.70s WALL (  909718 calls)
     davcio       :      0.05s CPU      0.05s WALL (     320 calls)
 
     Parallel routines
 
     Plugins
 
 
     GIPAW        :   3m19.32s CPU   3m34.03s WALL

 
   This run was terminated on:  13:32:23  29May2019            

=------------------------------------------------------------------------------=
   JOB DONE.
=------------------------------------------------------------------------------=
